This is pdfTeX, Version 3.141592653-2.6-1.40.22 (MiKTeX 21.6) (preloaded format=pdflatex 2021.7.29)  18 SEP 2023 09:56
entering extended mode
**./main.tex
(main.tex
LaTeX2e <2021-06-01>
L3 programming layer <2021-06-01> (astroedu-lab.cls
Document Class: astroedu-lab 2021-07-26 AstroEdu Lab Problems Template, v1.0
(C:\Users\User12345\AppData\Local\Programs\MiKTeX\tex/latex/base\article.cls
Document Class: article 2021/02/12 v1.4n Standard LaTeX document class
(C:\Users\User12345\AppData\Local\Programs\MiKTeX\tex/latex/base\size12.clo
File: size12.clo 2021/02/12 v1.4n Standard LaTeX file (size option)
)
\c@part=\count182
\c@section=\count183
\c@subsection=\count184
\c@subsubsection=\count185
\c@paragraph=\count186
\c@subparagraph=\count187
\c@figure=\count188
\c@table=\count189
\abovecaptionskip=\skip47
\belowcaptionskip=\skip48
\bibindent=\dimen138
)
(C:\Users\User12345\AppData\Local\Programs\MiKTeX\tex/latex/cmap\cmap.sty
Package: cmap 2021/02/06 v1.0j CMap support: searchable PDF
)
(C:\Users\User12345\AppData\Local\Programs\MiKTeX\tex/latex/base\inputenc.sty
Package: inputenc 2021/02/14 v1.3d Input encoding file
\inpenc@prehook=\toks16
\inpenc@posthook=\toks17
)
(C:\Users\User12345\AppData\Local\Programs\MiKTeX\tex/latex/base\fontenc.sty
Package: fontenc 2021/04/29 v2.0v Standard LaTeX package

(C:\Users\User12345\AppData\Local\Programs\MiKTeX\tex/latex/cyrillic\t2aenc.def
File: t2aenc.def 2005/09/27 v1.0i Cyrillic encoding definition file
Now handling font encoding T2A ...
... processing UTF-8 mapping file for font encoding T2A
(C:\Users\User12345\AppData\Local\Programs\MiKTeX\tex/latex/base\t2aenc.dfu
File: t2aenc.dfu 2021/01/27 v1.2l UTF-8 support for inputenc
   defining Unicode char U+00A4 (decimal 164)
   defining Unicode char U+00A7 (decimal 167)
   defining Unicode char U+00AB (decimal 171)
   defining Unicode char U+00BB (decimal 187)
   defining Unicode char U+0131 (decimal 305)
   defining Unicode char U+0237 (decimal 567)
   defining Unicode char U+0400 (decimal 1024)
   defining Unicode char U+0401 (decimal 1025)
   defining Unicode char U+0402 (decimal 1026)
   defining Unicode char U+0403 (decimal 1027)
   defining Unicode char U+0404 (decimal 1028)
   defining Unicode char U+0405 (decimal 1029)
   defining Unicode char U+0406 (decimal 1030)
   defining Unicode char U+0407 (decimal 1031)
   defining Unicode char U+0408 (decimal 1032)
   defining Unicode char U+0409 (decimal 1033)
   defining Unicode char U+040A (decimal 1034)
   defining Unicode char U+040B (decimal 1035)
   defining Unicode char U+040C (decimal 1036)
   defining Unicode char U+040D (decimal 1037)
   defining Unicode char U+040E (decimal 1038)
   defining Unicode char U+040F (decimal 1039)
   defining Unicode char U+0410 (decimal 1040)
   defining Unicode char U+0411 (decimal 1041)
   defining Unicode char U+0412 (decimal 1042)
   defining Unicode char U+0413 (decimal 1043)
   defining Unicode char U+0414 (decimal 1044)
   defining Unicode char U+0415 (decimal 1045)
   defining Unicode char U+0416 (decimal 1046)
   defining Unicode char U+0417 (decimal 1047)
   defining Unicode char U+0418 (decimal 1048)
   defining Unicode char U+0419 (decimal 1049)
   defining Unicode char U+041A (decimal 1050)
   defining Unicode char U+041B (decimal 1051)
   defining Unicode char U+041C (decimal 1052)
   defining Unicode char U+041D (decimal 1053)
   defining Unicode char U+041E (decimal 1054)
   defining Unicode char U+041F (decimal 1055)
   defining Unicode char U+0420 (decimal 1056)
   defining Unicode char U+0421 (decimal 1057)
   defining Unicode char U+0422 (decimal 1058)
   defining Unicode char U+0423 (decimal 1059)
   defining Unicode char U+0424 (decimal 1060)
   defining Unicode char U+0425 (decimal 1061)
   defining Unicode char U+0426 (decimal 1062)
   defining Unicode char U+0427 (decimal 1063)
   defining Unicode char U+0428 (decimal 1064)
   defining Unicode char U+0429 (decimal 1065)
   defining Unicode char U+042A (decimal 1066)
   defining Unicode char U+042B (decimal 1067)
   defining Unicode char U+042C (decimal 1068)
   defining Unicode char U+042D (decimal 1069)
   defining Unicode char U+042E (decimal 1070)
   defining Unicode char U+042F (decimal 1071)
   defining Unicode char U+0430 (decimal 1072)
   defining Unicode char U+0431 (decimal 1073)
   defining Unicode char U+0432 (decimal 1074)
   defining Unicode char U+0433 (decimal 1075)
   defining Unicode char U+0434 (decimal 1076)
   defining Unicode char U+0435 (decimal 1077)
   defining Unicode char U+0436 (decimal 1078)
   defining Unicode char U+0437 (decimal 1079)
   defining Unicode char U+0438 (decimal 1080)
   defining Unicode char U+0439 (decimal 1081)
   defining Unicode char U+043A (decimal 1082)
   defining Unicode char U+043B (decimal 1083)
   defining Unicode char U+043C (decimal 1084)
   defining Unicode char U+043D (decimal 1085)
   defining Unicode char U+043E (decimal 1086)
   defining Unicode char U+043F (decimal 1087)
   defining Unicode char U+0440 (decimal 1088)
   defining Unicode char U+0441 (decimal 1089)
   defining Unicode char U+0442 (decimal 1090)
   defining Unicode char U+0443 (decimal 1091)
   defining Unicode char U+0444 (decimal 1092)
   defining Unicode char U+0445 (decimal 1093)
   defining Unicode char U+0446 (decimal 1094)
   defining Unicode char U+0447 (decimal 1095)
   defining Unicode char U+0448 (decimal 1096)
   defining Unicode char U+0449 (decimal 1097)
   defining Unicode char U+044A (decimal 1098)
   defining Unicode char U+044B (decimal 1099)
   defining Unicode char U+044C (decimal 1100)
   defining Unicode char U+044D (decimal 1101)
   defining Unicode char U+044E (decimal 1102)
   defining Unicode char U+044F (decimal 1103)
   defining Unicode char U+0450 (decimal 1104)
   defining Unicode char U+0451 (decimal 1105)
   defining Unicode char U+0452 (decimal 1106)
   defining Unicode char U+0453 (decimal 1107)
   defining Unicode char U+0454 (decimal 1108)
   defining Unicode char U+0455 (decimal 1109)
   defining Unicode char U+0456 (decimal 1110)
   defining Unicode char U+0457 (decimal 1111)
   defining Unicode char U+0458 (decimal 1112)
   defining Unicode char U+0459 (decimal 1113)
   defining Unicode char U+045A (decimal 1114)
   defining Unicode char U+045B (decimal 1115)
   defining Unicode char U+045C (decimal 1116)
   defining Unicode char U+045D (decimal 1117)
   defining Unicode char U+045E (decimal 1118)
   defining Unicode char U+045F (decimal 1119)
   defining Unicode char U+0490 (decimal 1168)
   defining Unicode char U+0491 (decimal 1169)
   defining Unicode char U+0492 (decimal 1170)
   defining Unicode char U+0493 (decimal 1171)
   defining Unicode char U+0496 (decimal 1174)
   defining Unicode char U+0497 (decimal 1175)
   defining Unicode char U+0498 (decimal 1176)
   defining Unicode char U+0499 (decimal 1177)
   defining Unicode char U+049A (decimal 1178)
   defining Unicode char U+049B (decimal 1179)
   defining Unicode char U+049C (decimal 1180)
   defining Unicode char U+049D (decimal 1181)
   defining Unicode char U+04A0 (decimal 1184)
   defining Unicode char U+04A1 (decimal 1185)
   defining Unicode char U+04A2 (decimal 1186)
   defining Unicode char U+04A3 (decimal 1187)
   defining Unicode char U+04A4 (decimal 1188)
   defining Unicode char U+04A5 (decimal 1189)
   defining Unicode char U+04AA (decimal 1194)
   defining Unicode char U+04AB (decimal 1195)
   defining Unicode char U+04AE (decimal 1198)
   defining Unicode char U+04AF (decimal 1199)
   defining Unicode char U+04B0 (decimal 1200)
   defining Unicode char U+04B1 (decimal 1201)
   defining Unicode char U+04B2 (decimal 1202)
   defining Unicode char U+04B3 (decimal 1203)
   defining Unicode char U+04B6 (decimal 1206)
   defining Unicode char U+04B7 (decimal 1207)
   defining Unicode char U+04B8 (decimal 1208)
   defining Unicode char U+04B9 (decimal 1209)
   defining Unicode char U+04BA (decimal 1210)
   defining Unicode char U+04BB (decimal 1211)
   defining Unicode char U+04C0 (decimal 1216)
   defining Unicode char U+04C1 (decimal 1217)
   defining Unicode char U+04C2 (decimal 1218)
   defining Unicode char U+04D0 (decimal 1232)
   defining Unicode char U+04D1 (decimal 1233)
   defining Unicode char U+04D2 (decimal 1234)
   defining Unicode char U+04D3 (decimal 1235)
   defining Unicode char U+04D4 (decimal 1236)
   defining Unicode char U+04D5 (decimal 1237)
   defining Unicode char U+04D6 (decimal 1238)
   defining Unicode char U+04D7 (decimal 1239)
   defining Unicode char U+04D8 (decimal 1240)
   defining Unicode char U+04D9 (decimal 1241)
   defining Unicode char U+04DA (decimal 1242)
   defining Unicode char U+04DB (decimal 1243)
   defining Unicode char U+04DC (decimal 1244)
   defining Unicode char U+04DD (decimal 1245)
   defining Unicode char U+04DE (decimal 1246)
   defining Unicode char U+04DF (decimal 1247)
   defining Unicode char U+04E2 (decimal 1250)
   defining Unicode char U+04E3 (decimal 1251)
   defining Unicode char U+04E4 (decimal 1252)
   defining Unicode char U+04E5 (decimal 1253)
   defining Unicode char U+04E6 (decimal 1254)
   defining Unicode char U+04E7 (decimal 1255)
   defining Unicode char U+04E8 (decimal 1256)
   defining Unicode char U+04E9 (decimal 1257)
   defining Unicode char U+04EC (decimal 1260)
   defining Unicode char U+04ED (decimal 1261)
   defining Unicode char U+04EE (decimal 1262)
   defining Unicode char U+04EF (decimal 1263)
   defining Unicode char U+04F0 (decimal 1264)
   defining Unicode char U+04F1 (decimal 1265)
   defining Unicode char U+04F2 (decimal 1266)
   defining Unicode char U+04F3 (decimal 1267)
   defining Unicode char U+04F4 (decimal 1268)
   defining Unicode char U+04F5 (decimal 1269)
   defining Unicode char U+04F8 (decimal 1272)
   defining Unicode char U+04F9 (decimal 1273)
   defining Unicode char U+200C (decimal 8204)
   defining Unicode char U+2013 (decimal 8211)
   defining Unicode char U+2014 (decimal 8212)
   defining Unicode char U+2018 (decimal 8216)
   defining Unicode char U+2019 (decimal 8217)
   defining Unicode char U+201C (decimal 8220)
   defining Unicode char U+201D (decimal 8221)
   defining Unicode char U+201E (decimal 8222)
   defining Unicode char U+2030 (decimal 8240)
   defining Unicode char U+2031 (decimal 8241)
   defining Unicode char U+2116 (decimal 8470)
   defining Unicode char U+2329 (decimal 9001)
   defining Unicode char U+232A (decimal 9002)
   defining Unicode char U+2423 (decimal 9251)
   defining Unicode char U+27E8 (decimal 10216)
   defining Unicode char U+27E9 (decimal 10217)
   defining Unicode char U+FB00 (decimal 64256)
   defining Unicode char U+FB01 (decimal 64257)
   defining Unicode char U+FB02 (decimal 64258)
   defining Unicode char U+FB03 (decimal 64259)
   defining Unicode char U+FB04 (decimal 64260)
   defining Unicode char U+FB05 (decimal 64261)
   defining Unicode char U+FB06 (decimal 64262)
)))
(C:\Users\User12345\AppData\Local\Programs\MiKTeX\tex/generic/babel\babel.sty
Package: babel 2021/06/02 3.60 The Babel package

(C:\Users\User12345\AppData\Local\Programs\MiKTeX\tex/generic/babel\babel.def
File: babel.def 2021/06/02 3.60 Babel common definitions
\babel@savecnt=\count190
\U@D=\dimen139
\l@unhyphenated=\language79

(C:\Users\User12345\AppData\Local\Programs\MiKTeX\tex/generic/babel\txtbabel.de
f)
\bbl@readstream=\read2
)
\bbl@dirlevel=\count191

*************************************
* Local config file bblopts.cfg used
*
(C:\Users\User12345\AppData\Local\Programs\MiKTeX\tex/latex/arabi\bblopts.cfg
File: bblopts.cfg 2005/09/08 v0.1 add Arabic and Farsi to "declared" options of
 babel
)
(C:\Users\User12345\AppData\Local\Programs\MiKTeX\tex/latex/babel-russian\russi
anb.ldf
File: russianb.ldf 2021/01/10 1.3m Russian support for the Babel system
Language: russian 2020/09/09 1.3k Russian support for the Babel system
Package babel Info: Making " an active character on input line 124.
Package babel Info: Default for \cyrdash is provided on input line 163.
))
(C:\Users\User12345\AppData\Local\Programs\MiKTeX\tex/latex/geometry\geometry.s
ty
Package: geometry 2020/01/02 v5.9 Page Geometry

(C:\Users\User12345\AppData\Local\Programs\MiKTeX\tex/latex/graphics\keyval.sty
Package: keyval 2014/10/28 v1.15 key=value parser (DPC)
\KV@toks@=\toks18
)
(C:\Users\User12345\AppData\Local\Programs\MiKTeX\tex/generic/iftex\ifvtex.sty
Package: ifvtex 2019/10/25 v1.7 ifvtex legacy package. Use iftex instead.

(C:\Users\User12345\AppData\Local\Programs\MiKTeX\tex/generic/iftex\iftex.sty
Package: iftex 2020/03/06 v1.0d TeX engine tests
))
\Gm@cnth=\count192
\Gm@cntv=\count193
\c@Gm@tempcnt=\count194
\Gm@bindingoffset=\dimen140
\Gm@wd@mp=\dimen141
\Gm@odd@mp=\dimen142
\Gm@even@mp=\dimen143
\Gm@layoutwidth=\dimen144
\Gm@layoutheight=\dimen145
\Gm@layouthoffset=\dimen146
\Gm@layoutvoffset=\dimen147
\Gm@dimlist=\toks19

(C:\Users\User12345\AppData\Local\Programs\MiKTeX\tex/latex/geometry\geometry.c
fg))
(C:\Users\User12345\AppData\Local\Programs\MiKTeX\tex/latex/setspace\setspace.s
ty
Package: setspace 2011/12/19 v6.7a set line spacing
)
(C:\Users\User12345\AppData\Local\Programs\MiKTeX\tex/latex/mathtools\mathtools
.sty
Package: mathtools 2021/04/12 v1.27 mathematical typesetting tools
 (C:\Users\User12345\AppData\Local\Programs\MiKTeX\tex/latex/tools\calc.sty
Package: calc 2017/05/25 v4.3 Infix arithmetic (KKT,FJ)
\calc@Acount=\count195
\calc@Bcount=\count196
\calc@Adimen=\dimen148
\calc@Bdimen=\dimen149
\calc@Askip=\skip49
\calc@Bskip=\skip50
LaTeX Info: Redefining \setlength on input line 80.
LaTeX Info: Redefining \addtolength on input line 81.
\calc@Ccount=\count197
\calc@Cskip=\skip51
)
(C:\Users\User12345\AppData\Local\Programs\MiKTeX\tex/latex/mathtools\mhsetup.s
ty
Package: mhsetup 2021/03/18 v1.4 programming setup (MH)
)
(C:\Users\User12345\AppData\Local\Programs\MiKTeX\tex/latex/amsmath\amsmath.sty
Package: amsmath 2021/04/20 v2.17j AMS math features
\@mathmargin=\skip52
For additional information on amsmath, use the `?' option.

(C:\Users\User12345\AppData\Local\Programs\MiKTeX\tex/latex/amsmath\amstext.sty
Package: amstext 2000/06/29 v2.01 AMS text
(C:\Users\User12345\AppData\Local\Programs\MiKTeX\tex/latex/amsmath\amsgen.sty
File: amsgen.sty 1999/11/30 v2.0 generic functions
\@emptytoks=\toks20
\ex@=\dimen150
))
(C:\Users\User12345\AppData\Local\Programs\MiKTeX\tex/latex/amsmath\amsbsy.sty
Package: amsbsy 1999/11/29 v1.2d Bold Symbols
\pmbraise@=\dimen151
) (C:\Users\User12345\AppData\Local\Programs\MiKTeX\tex/latex/amsmath\amsopn.st
y
Package: amsopn 2016/03/08 v2.02 operator names
)
\inf@bad=\count198
LaTeX Info: Redefining \frac on input line 234.
\uproot@=\count199
\leftroot@=\count266
LaTeX Info: Redefining \overline on input line 399.
\classnum@=\count267
\DOTSCASE@=\count268
LaTeX Info: Redefining \ldots on input line 496.
LaTeX Info: Redefining \dots on input line 499.
LaTeX Info: Redefining \cdots on input line 620.
\Mathstrutbox@=\box50
\strutbox@=\box51
\big@size=\dimen152
LaTeX Font Info:    Redeclaring font encoding OML on input line 743.
LaTeX Font Info:    Redeclaring font encoding OMS on input line 744.
\macc@depth=\count269
\c@MaxMatrixCols=\count270
\dotsspace@=\muskip16
\c@parentequation=\count271
\dspbrk@lvl=\count272
\tag@help=\toks21
\row@=\count273
\column@=\count274
\maxfields@=\count275
\andhelp@=\toks22
\eqnshift@=\dimen153
\alignsep@=\dimen154
\tagshift@=\dimen155
\tagwidth@=\dimen156
\totwidth@=\dimen157
\lineht@=\dimen158
\@envbody=\toks23
\multlinegap=\skip53
\multlinetaggap=\skip54
\mathdisplay@stack=\toks24
LaTeX Info: Redefining \[ on input line 2923.
LaTeX Info: Redefining \] on input line 2924.
)
LaTeX Info: Thecontrolsequence`\('isalreadyrobust on input line 130.
LaTeX Info: Thecontrolsequence`\)'isalreadyrobust on input line 130.
LaTeX Info: Thecontrolsequence`\['isalreadyrobust on input line 130.
LaTeX Info: Thecontrolsequence`\]'isalreadyrobust on input line 130.
\g_MT_multlinerow_int=\count276
\l_MT_multwidth_dim=\dimen159
\origjot=\skip55
\l_MT_shortvdotswithinadjustabove_dim=\dimen160
\l_MT_shortvdotswithinadjustbelow_dim=\dimen161
\l_MT_above_intertext_sep=\dimen162
\l_MT_below_intertext_sep=\dimen163
\l_MT_above_shortintertext_sep=\dimen164
\l_MT_below_shortintertext_sep=\dimen165
\xmathstrut@box=\box52
\xmathstrut@dim=\dimen166
)
(C:\Users\User12345\AppData\Local\Programs\MiKTeX\tex/latex/onlyamsmath\onlyams
math.sty
Package: onlyamsmath 2016/12/18 v0.20 Destroy the standard math environments
)
(C:\Users\User12345\AppData\Local\Programs\MiKTeX\tex/latex/jknappen\mathrsfs.s
ty
Package: mathrsfs 1996/01/01 Math RSFS package v1.0 (jk)
\symrsfs=\mathgroup4
)
(C:\Users\User12345\AppData\Local\Programs\MiKTeX\tex/latex/cancel\cancel.sty
Package: cancel 2013/04/12 v2.2 Cancel math terms
)
(C:\Users\User12345\AppData\Local\Programs\MiKTeX\tex/latex/amsfonts\amssymb.st
y
Package: amssymb 2013/01/14 v3.01 AMS font symbols

(C:\Users\User12345\AppData\Local\Programs\MiKTeX\tex/latex/amsfonts\amsfonts.s
ty
Package: amsfonts 2013/01/14 v3.01 Basic AMSFonts support
\symAMSa=\mathgroup5
\symAMSb=\mathgroup6
LaTeX Font Info:    Redeclaring math symbol \hbar on input line 98.
LaTeX Font Info:    Overwriting math alphabet `\mathfrak' in version `bold'
(Font)                  U/euf/m/n --> U/euf/b/n on input line 106.
))
(C:\Users\User12345\AppData\Local\Programs\MiKTeX\tex/latex/wasysym\wasysym.sty
Package: wasysym 2020/01/19 v2.4 Wasy-2 symbol support package
\symwasy=\mathgroup7
LaTeX Font Info:    Overwriting symbol font `wasy' in version `bold'
(Font)                  U/wasy/m/n --> U/wasy/b/n on input line 93.
) (C:\Users\User12345\AppData\Local\Programs\MiKTeX\tex/latex/was\icomma.sty
Package: icomma 2002/03/10 v2.0 (WaS)
)
(C:\Users\User12345\AppData\Local\Programs\MiKTeX\tex/latex/graphics\color.sty
Package: color 2020/02/24 v1.2b Standard LaTeX Color (DPC)

(C:\Users\User12345\AppData\Local\Programs\MiKTeX\tex/latex/graphics-cfg\color.
cfg
File: color.cfg 2016/01/02 v1.6 sample color configuration
)
Package color Info: Driver file: pdftex.def on input line 149.

(C:\Users\User12345\AppData\Local\Programs\MiKTeX\tex/latex/graphics-def\pdftex
.def
File: pdftex.def 2020/10/05 v1.2a Graphics/color driver for pdftex
))
(C:\Users\User12345\AppData\Local\Programs\MiKTeX\tex/latex/graphics\graphicx.s
ty
Package: graphicx 2020/12/05 v1.2c Enhanced LaTeX Graphics (DPC,SPQR)

(C:\Users\User12345\AppData\Local\Programs\MiKTeX\tex/latex/graphics\graphics.s
ty
Package: graphics 2021/03/04 v1.4d Standard LaTeX Graphics (DPC,SPQR)

(C:\Users\User12345\AppData\Local\Programs\MiKTeX\tex/latex/graphics\trig.sty
Package: trig 2016/01/03 v1.10 sin cos tan (DPC)
)
(C:\Users\User12345\AppData\Local\Programs\MiKTeX\tex/latex/graphics-cfg\graphi
cs.cfg
File: graphics.cfg 2016/06/04 v1.11 sample graphics configuration
)
Package graphics Info: Driver file: pdftex.def on input line 107.
)
\Gin@req@height=\dimen167
\Gin@req@width=\dimen168
)
(C:\Users\User12345\AppData\Local\Programs\MiKTeX\tex/latex/float\float.sty
Package: float 2001/11/08 v1.3d Float enhancements (AL)
\c@float@type=\count277
\float@exts=\toks25
\float@box=\box53
\@float@everytoks=\toks26
\@floatcapt=\box54
)
(C:\Users\User12345\AppData\Local\Programs\MiKTeX\tex/latex/caption\caption.sty
Package: caption 2020/10/26 v3.5g Customizing captions (AR)

(C:\Users\User12345\AppData\Local\Programs\MiKTeX\tex/latex/caption\caption3.st
y
Package: caption3 2020/10/21 v2.2e caption3 kernel (AR)
\captionmargin=\dimen169
\captionmargin@=\dimen170
\captionwidth=\dimen171
\caption@tempdima=\dimen172
\caption@indent=\dimen173
\caption@parindent=\dimen174
\caption@hangindent=\dimen175
Package caption Info: Standard document class detected.
)
\c@caption@flags=\count278
\c@continuedfloat=\count279
Package caption Info: float package is loaded.
)
(C:\Users\User12345\AppData\Local\Programs\MiKTeX\tex/latex/wrapfig\wrapfig.sty
\wrapoverhang=\dimen176
\WF@size=\dimen177
\c@WF@wrappedlines=\count280
\WF@box=\box55
\WF@everypar=\toks27
Package: wrapfig 2003/01/31  v 3.6
)
(C:\Users\User12345\AppData\Local\Programs\MiKTeX\tex/latex/pgf/frontendlayer\t
ikz.sty
(C:\Users\User12345\AppData\Local\Programs\MiKTeX\tex/latex/pgf/basiclayer\pgf.
sty
(C:\Users\User12345\AppData\Local\Programs\MiKTeX\tex/latex/pgf/utilities\pgfrc
s.sty
(C:\Users\User12345\AppData\Local\Programs\MiKTeX\tex/generic/pgf/utilities\pgf
util-common.tex
\pgfutil@everybye=\toks28
\pgfutil@tempdima=\dimen178
\pgfutil@tempdimb=\dimen179

(C:\Users\User12345\AppData\Local\Programs\MiKTeX\tex/generic/pgf/utilities\pgf
util-common-lists.tex))
(C:\Users\User12345\AppData\Local\Programs\MiKTeX\tex/generic/pgf/utilities\pgf
util-latex.def
\pgfutil@abb=\box56
)
(C:\Users\User12345\AppData\Local\Programs\MiKTeX\tex/generic/pgf/utilities\pgf
rcs.code.tex
(C:\Users\User12345\AppData\Local\Programs\MiKTeX\tex/generic/pgf\pgf.revision.
tex)
Package: pgfrcs 2021/05/15 v3.1.9a (3.1.9a)
))
Package: pgf 2021/05/15 v3.1.9a (3.1.9a)

(C:\Users\User12345\AppData\Local\Programs\MiKTeX\tex/latex/pgf/basiclayer\pgfc
ore.sty
(C:\Users\User12345\AppData\Local\Programs\MiKTeX\tex/latex/pgf/systemlayer\pgf
sys.sty
(C:\Users\User12345\AppData\Local\Programs\MiKTeX\tex/generic/pgf/systemlayer\p
gfsys.code.tex
Package: pgfsys 2021/05/15 v3.1.9a (3.1.9a)

(C:\Users\User12345\AppData\Local\Programs\MiKTeX\tex/generic/pgf/utilities\pgf
keys.code.tex
\pgfkeys@pathtoks=\toks29
\pgfkeys@temptoks=\toks30

(C:\Users\User12345\AppData\Local\Programs\MiKTeX\tex/generic/pgf/utilities\pgf
keysfiltered.code.tex
\pgfkeys@tmptoks=\toks31
))
\pgf@x=\dimen180
\pgf@y=\dimen181
\pgf@xa=\dimen182
\pgf@ya=\dimen183
\pgf@xb=\dimen184
\pgf@yb=\dimen185
\pgf@xc=\dimen186
\pgf@yc=\dimen187
\pgf@xd=\dimen188
\pgf@yd=\dimen189
\w@pgf@writea=\write3
\r@pgf@reada=\read3
\c@pgf@counta=\count281
\c@pgf@countb=\count282
\c@pgf@countc=\count283
\c@pgf@countd=\count284
\t@pgf@toka=\toks32
\t@pgf@tokb=\toks33
\t@pgf@tokc=\toks34
\pgf@sys@id@count=\count285

(C:\Users\User12345\AppData\Local\Programs\MiKTeX\tex/generic/pgf/systemlayer\p
gf.cfg
File: pgf.cfg 2021/05/15 v3.1.9a (3.1.9a)
)
Driver file for pgf: pgfsys-pdftex.def

(C:\Users\User12345\AppData\Local\Programs\MiKTeX\tex/generic/pgf/systemlayer\p
gfsys-pdftex.def
File: pgfsys-pdftex.def 2021/05/15 v3.1.9a (3.1.9a)

(C:\Users\User12345\AppData\Local\Programs\MiKTeX\tex/generic/pgf/systemlayer\p
gfsys-common-pdf.def
File: pgfsys-common-pdf.def 2021/05/15 v3.1.9a (3.1.9a)
)))
(C:\Users\User12345\AppData\Local\Programs\MiKTeX\tex/generic/pgf/systemlayer\p
gfsyssoftpath.code.tex
File: pgfsyssoftpath.code.tex 2021/05/15 v3.1.9a (3.1.9a)
\pgfsyssoftpath@smallbuffer@items=\count286
\pgfsyssoftpath@bigbuffer@items=\count287
)
(C:\Users\User12345\AppData\Local\Programs\MiKTeX\tex/generic/pgf/systemlayer\p
gfsysprotocol.code.tex
File: pgfsysprotocol.code.tex 2021/05/15 v3.1.9a (3.1.9a)
))
(C:\Users\User12345\AppData\Local\Programs\MiKTeX\tex/latex/xcolor\xcolor.sty
Package: xcolor 2016/05/11 v2.12 LaTeX color extensions (UK)

(C:\Users\User12345\AppData\Local\Programs\MiKTeX\tex/latex/graphics-cfg\color.
cfg
File: color.cfg 2016/01/02 v1.6 sample color configuration
)
Package xcolor Info: Driver file: pdftex.def on input line 225.
LaTeX Info: Redefining \color on input line 709.
Package xcolor Info: Model `cmy' substituted by `cmy0' on input line 1348.
Package xcolor Info: Model `hsb' substituted by `rgb' on input line 1352.
Package xcolor Info: Model `RGB' extended on input line 1364.
Package xcolor Info: Model `HTML' substituted by `rgb' on input line 1366.
Package xcolor Info: Model `Hsb' substituted by `hsb' on input line 1367.
Package xcolor Info: Model `tHsb' substituted by `hsb' on input line 1368.
Package xcolor Info: Model `HSB' substituted by `hsb' on input line 1369.
Package xcolor Info: Model `Gray' substituted by `gray' on input line 1370.
Package xcolor Info: Model `wave' substituted by `hsb' on input line 1371.
)
(C:\Users\User12345\AppData\Local\Programs\MiKTeX\tex/generic/pgf/basiclayer\pg
fcore.code.tex
Package: pgfcore 2021/05/15 v3.1.9a (3.1.9a)

(C:\Users\User12345\AppData\Local\Programs\MiKTeX\tex/generic/pgf/math\pgfmath.
code.tex
(C:\Users\User12345\AppData\Local\Programs\MiKTeX\tex/generic/pgf/math\pgfmathc
alc.code.tex
(C:\Users\User12345\AppData\Local\Programs\MiKTeX\tex/generic/pgf/math\pgfmathu
til.code.tex)
(C:\Users\User12345\AppData\Local\Programs\MiKTeX\tex/generic/pgf/math\pgfmathp
arser.code.tex
\pgfmath@dimen=\dimen190
\pgfmath@count=\count288
\pgfmath@box=\box57
\pgfmath@toks=\toks35
\pgfmath@stack@operand=\toks36
\pgfmath@stack@operation=\toks37
)
(C:\Users\User12345\AppData\Local\Programs\MiKTeX\tex/generic/pgf/math\pgfmathf
unctions.code.tex
(C:\Users\User12345\AppData\Local\Programs\MiKTeX\tex/generic/pgf/math\pgfmathf
unctions.basic.code.tex)
(C:\Users\User12345\AppData\Local\Programs\MiKTeX\tex/generic/pgf/math\pgfmathf
unctions.trigonometric.code.tex)
(C:\Users\User12345\AppData\Local\Programs\MiKTeX\tex/generic/pgf/math\pgfmathf
unctions.random.code.tex)
(C:\Users\User12345\AppData\Local\Programs\MiKTeX\tex/generic/pgf/math\pgfmathf
unctions.comparison.code.tex)
(C:\Users\User12345\AppData\Local\Programs\MiKTeX\tex/generic/pgf/math\pgfmathf
unctions.base.code.tex)
(C:\Users\User12345\AppData\Local\Programs\MiKTeX\tex/generic/pgf/math\pgfmathf
unctions.round.code.tex)
(C:\Users\User12345\AppData\Local\Programs\MiKTeX\tex/generic/pgf/math\pgfmathf
unctions.misc.code.tex)
(C:\Users\User12345\AppData\Local\Programs\MiKTeX\tex/generic/pgf/math\pgfmathf
unctions.integerarithmetics.code.tex)))
(C:\Users\User12345\AppData\Local\Programs\MiKTeX\tex/generic/pgf/math\pgfmathf
loat.code.tex
\c@pgfmathroundto@lastzeros=\count289
))
(C:\Users\User12345\AppData\Local\Programs\MiKTeX\tex/generic/pgf/math\pgfint.c
ode.tex)
(C:\Users\User12345\AppData\Local\Programs\MiKTeX\tex/generic/pgf/basiclayer\pg
fcorepoints.code.tex
File: pgfcorepoints.code.tex 2021/05/15 v3.1.9a (3.1.9a)
\pgf@picminx=\dimen191
\pgf@picmaxx=\dimen192
\pgf@picminy=\dimen193
\pgf@picmaxy=\dimen194
\pgf@pathminx=\dimen195
\pgf@pathmaxx=\dimen196
\pgf@pathminy=\dimen197
\pgf@pathmaxy=\dimen198
\pgf@xx=\dimen199
\pgf@xy=\dimen256
\pgf@yx=\dimen257
\pgf@yy=\dimen258
\pgf@zx=\dimen259
\pgf@zy=\dimen260
)
(C:\Users\User12345\AppData\Local\Programs\MiKTeX\tex/generic/pgf/basiclayer\pg
fcorepathconstruct.code.tex
File: pgfcorepathconstruct.code.tex 2021/05/15 v3.1.9a (3.1.9a)
\pgf@path@lastx=\dimen261
\pgf@path@lasty=\dimen262
)
(C:\Users\User12345\AppData\Local\Programs\MiKTeX\tex/generic/pgf/basiclayer\pg
fcorepathusage.code.tex
File: pgfcorepathusage.code.tex 2021/05/15 v3.1.9a (3.1.9a)
\pgf@shorten@end@additional=\dimen263
\pgf@shorten@start@additional=\dimen264
)
(C:\Users\User12345\AppData\Local\Programs\MiKTeX\tex/generic/pgf/basiclayer\pg
fcorescopes.code.tex
File: pgfcorescopes.code.tex 2021/05/15 v3.1.9a (3.1.9a)
\pgfpic=\box58
\pgf@hbox=\box59
\pgf@layerbox@main=\box60
\pgf@picture@serial@count=\count290
)
(C:\Users\User12345\AppData\Local\Programs\MiKTeX\tex/generic/pgf/basiclayer\pg
fcoregraphicstate.code.tex
File: pgfcoregraphicstate.code.tex 2021/05/15 v3.1.9a (3.1.9a)
\pgflinewidth=\dimen265
)
(C:\Users\User12345\AppData\Local\Programs\MiKTeX\tex/generic/pgf/basiclayer\pg
fcoretransformations.code.tex
File: pgfcoretransformations.code.tex 2021/05/15 v3.1.9a (3.1.9a)
\pgf@pt@x=\dimen266
\pgf@pt@y=\dimen267
\pgf@pt@temp=\dimen268
)
(C:\Users\User12345\AppData\Local\Programs\MiKTeX\tex/generic/pgf/basiclayer\pg
fcorequick.code.tex
File: pgfcorequick.code.tex 2021/05/15 v3.1.9a (3.1.9a)
)
(C:\Users\User12345\AppData\Local\Programs\MiKTeX\tex/generic/pgf/basiclayer\pg
fcoreobjects.code.tex
File: pgfcoreobjects.code.tex 2021/05/15 v3.1.9a (3.1.9a)
)
(C:\Users\User12345\AppData\Local\Programs\MiKTeX\tex/generic/pgf/basiclayer\pg
fcorepathprocessing.code.tex
File: pgfcorepathprocessing.code.tex 2021/05/15 v3.1.9a (3.1.9a)
)
(C:\Users\User12345\AppData\Local\Programs\MiKTeX\tex/generic/pgf/basiclayer\pg
fcorearrows.code.tex
File: pgfcorearrows.code.tex 2021/05/15 v3.1.9a (3.1.9a)
\pgfarrowsep=\dimen269
)
(C:\Users\User12345\AppData\Local\Programs\MiKTeX\tex/generic/pgf/basiclayer\pg
fcoreshade.code.tex
File: pgfcoreshade.code.tex 2021/05/15 v3.1.9a (3.1.9a)
\pgf@max=\dimen270
\pgf@sys@shading@range@num=\count291
\pgf@shadingcount=\count292
)
(C:\Users\User12345\AppData\Local\Programs\MiKTeX\tex/generic/pgf/basiclayer\pg
fcoreimage.code.tex
File: pgfcoreimage.code.tex 2021/05/15 v3.1.9a (3.1.9a)

(C:\Users\User12345\AppData\Local\Programs\MiKTeX\tex/generic/pgf/basiclayer\pg
fcoreexternal.code.tex
File: pgfcoreexternal.code.tex 2021/05/15 v3.1.9a (3.1.9a)
\pgfexternal@startupbox=\box61
))
(C:\Users\User12345\AppData\Local\Programs\MiKTeX\tex/generic/pgf/basiclayer\pg
fcorelayers.code.tex
File: pgfcorelayers.code.tex 2021/05/15 v3.1.9a (3.1.9a)
)
(C:\Users\User12345\AppData\Local\Programs\MiKTeX\tex/generic/pgf/basiclayer\pg
fcoretransparency.code.tex
File: pgfcoretransparency.code.tex 2021/05/15 v3.1.9a (3.1.9a)
)
(C:\Users\User12345\AppData\Local\Programs\MiKTeX\tex/generic/pgf/basiclayer\pg
fcorepatterns.code.tex
File: pgfcorepatterns.code.tex 2021/05/15 v3.1.9a (3.1.9a)
)
(C:\Users\User12345\AppData\Local\Programs\MiKTeX\tex/generic/pgf/basiclayer\pg
fcorerdf.code.tex
File: pgfcorerdf.code.tex 2021/05/15 v3.1.9a (3.1.9a)
)))
(C:\Users\User12345\AppData\Local\Programs\MiKTeX\tex/generic/pgf/modules\pgfmo
duleshapes.code.tex
File: pgfmoduleshapes.code.tex 2021/05/15 v3.1.9a (3.1.9a)
\pgfnodeparttextbox=\box62
)
(C:\Users\User12345\AppData\Local\Programs\MiKTeX\tex/generic/pgf/modules\pgfmo
duleplot.code.tex
File: pgfmoduleplot.code.tex 2021/05/15 v3.1.9a (3.1.9a)
)
(C:\Users\User12345\AppData\Local\Programs\MiKTeX\tex/latex/pgf/compatibility\p
gfcomp-version-0-65.sty
Package: pgfcomp-version-0-65 2021/05/15 v3.1.9a (3.1.9a)
\pgf@nodesepstart=\dimen271
\pgf@nodesepend=\dimen272
)
(C:\Users\User12345\AppData\Local\Programs\MiKTeX\tex/latex/pgf/compatibility\p
gfcomp-version-1-18.sty
Package: pgfcomp-version-1-18 2021/05/15 v3.1.9a (3.1.9a)
))
(C:\Users\User12345\AppData\Local\Programs\MiKTeX\tex/latex/pgf/utilities\pgffo
r.sty
(C:\Users\User12345\AppData\Local\Programs\MiKTeX\tex/latex/pgf/utilities\pgfke
ys.sty
(C:\Users\User12345\AppData\Local\Programs\MiKTeX\tex/generic/pgf/utilities\pgf
keys.code.tex))
(C:\Users\User12345\AppData\Local\Programs\MiKTeX\tex/latex/pgf/math\pgfmath.st
y
(C:\Users\User12345\AppData\Local\Programs\MiKTeX\tex/generic/pgf/math\pgfmath.
code.tex))
(C:\Users\User12345\AppData\Local\Programs\MiKTeX\tex/generic/pgf/utilities\pgf
for.code.tex
Package: pgffor 2021/05/15 v3.1.9a (3.1.9a)

(C:\Users\User12345\AppData\Local\Programs\MiKTeX\tex/generic/pgf/math\pgfmath.
code.tex)
\pgffor@iter=\dimen273
\pgffor@skip=\dimen274
\pgffor@stack=\toks38
\pgffor@toks=\toks39
))
(C:\Users\User12345\AppData\Local\Programs\MiKTeX\tex/generic/pgf/frontendlayer
/tikz\tikz.code.tex
Package: tikz 2021/05/15 v3.1.9a (3.1.9a)

(C:\Users\User12345\AppData\Local\Programs\MiKTeX\tex/generic/pgf/libraries\pgf
libraryplothandlers.code.tex
File: pgflibraryplothandlers.code.tex 2021/05/15 v3.1.9a (3.1.9a)
\pgf@plot@mark@count=\count293
\pgfplotmarksize=\dimen275
)
\tikz@lastx=\dimen276
\tikz@lasty=\dimen277
\tikz@lastxsaved=\dimen278
\tikz@lastysaved=\dimen279
\tikz@lastmovetox=\dimen280
\tikz@lastmovetoy=\dimen281
\tikzleveldistance=\dimen282
\tikzsiblingdistance=\dimen283
\tikz@figbox=\box63
\tikz@figbox@bg=\box64
\tikz@tempbox=\box65
\tikz@tempbox@bg=\box66
\tikztreelevel=\count294
\tikznumberofchildren=\count295
\tikznumberofcurrentchild=\count296
\tikz@fig@count=\count297

(C:\Users\User12345\AppData\Local\Programs\MiKTeX\tex/generic/pgf/modules\pgfmo
dulematrix.code.tex
File: pgfmodulematrix.code.tex 2021/05/15 v3.1.9a (3.1.9a)
\pgfmatrixcurrentrow=\count298
\pgfmatrixcurrentcolumn=\count299
\pgf@matrix@numberofcolumns=\count300
)
\tikz@expandcount=\count301

(C:\Users\User12345\AppData\Local\Programs\MiKTeX\tex/generic/pgf/frontendlayer
/tikz/libraries\tikzlibrarytopaths.code.tex
File: tikzlibrarytopaths.code.tex 2021/05/15 v3.1.9a (3.1.9a)
)))
(C:\Users\User12345\AppData\Local\Programs\MiKTeX\tex/latex/tkz-euclide\tkz-euc
lide.sty
2020/03/18 3.06c tkz-euclide.sty
Package: tkz-euclide 2020/03/18 3.06c for euclidan geometry 

(C:\Users\User12345\AppData\Local\Programs\MiKTeX\tex/latex/tkz-base\tkz-base.s
ty
2020/03/18 3.06c tkz-base.sty
Package: tkz-base 2020/03/18 3.06c tkz-base

(C:\Users\User12345\AppData\Local\Programs\MiKTeX\tex/generic/pgf/frontendlayer
/tikz/libraries\tikzlibraryangles.code.tex
File: tikzlibraryangles.code.tex 2021/05/15 v3.1.9a (3.1.9a)
)
(C:\Users\User12345\AppData\Local\Programs\MiKTeX\tex/generic/pgf/frontendlayer
/tikz/libraries\tikzlibraryarrows.code.tex
File: tikzlibraryarrows.code.tex 2021/05/15 v3.1.9a (3.1.9a)

(C:\Users\User12345\AppData\Local\Programs\MiKTeX\tex/generic/pgf/libraries\pgf
libraryarrows.code.tex
File: pgflibraryarrows.code.tex 2021/05/15 v3.1.9a (3.1.9a)
\arrowsize=\dimen284
))
(C:\Users\User12345\AppData\Local\Programs\MiKTeX\tex/generic/pgf/libraries\pgf
libraryarrows.meta.code.tex
File: pgflibraryarrows.meta.code.tex 2021/05/15 v3.1.9a (3.1.9a)
\pgfarrowinset=\dimen285
\pgfarrowlength=\dimen286
\pgfarrowwidth=\dimen287
\pgfarrowlinewidth=\dimen288
)
(C:\Users\User12345\AppData\Local\Programs\MiKTeX\tex/generic/pgf/frontendlayer
/tikz/libraries\tikzlibrarybabel.code.tex
File: tikzlibrarybabel.code.tex 2021/05/15 v3.1.9a (3.1.9a)
)
(C:\Users\User12345\AppData\Local\Programs\MiKTeX\tex/generic/pgf/frontendlayer
/tikz/libraries\tikzlibrarycalc.code.tex
File: tikzlibrarycalc.code.tex 2021/05/15 v3.1.9a (3.1.9a)
)
(C:\Users\User12345\AppData\Local\Programs\MiKTeX\tex/generic/pgf/frontendlayer
/tikz/libraries\tikzlibrarydecorations.code.tex
(C:\Users\User12345\AppData\Local\Programs\MiKTeX\tex/generic/pgf/modules\pgfmo
duledecorations.code.tex
\pgfdecoratedcompleteddistance=\dimen289
\pgfdecoratedremainingdistance=\dimen290
\pgfdecoratedinputsegmentcompleteddistance=\dimen291
\pgfdecoratedinputsegmentremainingdistance=\dimen292
\pgf@decorate@distancetomove=\dimen293
\pgf@decorate@repeatstate=\count302
\pgfdecorationsegmentamplitude=\dimen294
\pgfdecorationsegmentlength=\dimen295
)
\tikz@lib@dec@box=\box67
)
(C:\Users\User12345\AppData\Local\Programs\MiKTeX\tex/generic/pgf/frontendlayer
/tikz/libraries\tikzlibrarydecorations.markings.code.tex
(C:\Users\User12345\AppData\Local\Programs\MiKTeX\tex/generic/pgf/libraries/dec
orations\pgflibrarydecorations.markings.code.tex))
(C:\Users\User12345\AppData\Local\Programs\MiKTeX\tex/generic/pgf/frontendlayer
/tikz/libraries\tikzlibrarydecorations.pathreplacing.code.tex
(C:\Users\User12345\AppData\Local\Programs\MiKTeX\tex/generic/pgf/libraries/dec
orations\pgflibrarydecorations.pathreplacing.code.tex))
(C:\Users\User12345\AppData\Local\Programs\MiKTeX\tex/generic/pgf/frontendlayer
/tikz/libraries\tikzlibrarydecorations.shapes.code.tex
(C:\Users\User12345\AppData\Local\Programs\MiKTeX\tex/generic/pgf/libraries/dec
orations\pgflibrarydecorations.shapes.code.tex))
(C:\Users\User12345\AppData\Local\Programs\MiKTeX\tex/generic/pgf/frontendlayer
/tikz/libraries\tikzlibrarydecorations.text.code.tex
(C:\Users\User12345\AppData\Local\Programs\MiKTeX\tex/generic/pgf/libraries/dec
orations\pgflibrarydecorations.text.code.tex
\pgf@lib@dec@text@box=\box68
)
\tikz@lib@dec@te@box=\box69
)
(C:\Users\User12345\AppData\Local\Programs\MiKTeX\tex/generic/pgf/frontendlayer
/tikz/libraries\tikzlibrarydecorations.pathmorphing.code.tex
(C:\Users\User12345\AppData\Local\Programs\MiKTeX\tex/generic/pgf/libraries/dec
orations\pgflibrarydecorations.pathmorphing.code.tex))
(C:\Users\User12345\AppData\Local\Programs\MiKTeX\tex/generic/pgf/frontendlayer
/tikz/libraries\tikzlibraryintersections.code.tex
(C:\Users\User12345\AppData\Local\Programs\MiKTeX\tex/generic/pgf/libraries\pgf
libraryintersections.code.tex
(C:\Users\User12345\AppData\Local\Programs\MiKTeX\tex/generic/pgf/libraries\pgf
libraryfpu.code.tex)
\pgf@intersect@solutions=\count303
))
(C:\Users\User12345\AppData\Local\Programs\MiKTeX\tex/generic/pgf/frontendlayer
/tikz/libraries\tikzlibrarypatterns.code.tex
File: tikzlibrarypatterns.code.tex 2021/05/15 v3.1.9a (3.1.9a)

(C:\Users\User12345\AppData\Local\Programs\MiKTeX\tex/generic/pgf/libraries\pgf
librarypatterns.code.tex
File: pgflibrarypatterns.code.tex 2021/05/15 v3.1.9a (3.1.9a)
))
(C:\Users\User12345\AppData\Local\Programs\MiKTeX\tex/generic/pgf/frontendlayer
/tikz/libraries\tikzlibraryplotmarks.code.tex
File: tikzlibraryplotmarks.code.tex 2021/05/15 v3.1.9a (3.1.9a)

(C:\Users\User12345\AppData\Local\Programs\MiKTeX\tex/generic/pgf/libraries\pgf
libraryplotmarks.code.tex
File: pgflibraryplotmarks.code.tex 2021/05/15 v3.1.9a (3.1.9a)
))
(C:\Users\User12345\AppData\Local\Programs\MiKTeX\tex/generic/pgf/frontendlayer
/tikz/libraries\tikzlibrarypositioning.code.tex
File: tikzlibrarypositioning.code.tex 2021/05/15 v3.1.9a (3.1.9a)
)
(C:\Users\User12345\AppData\Local\Programs\MiKTeX\tex/generic/pgf/frontendlayer
/tikz/libraries\tikzlibraryquotes.code.tex
File: tikzlibraryquotes.code.tex 2021/05/15 v3.1.9a (3.1.9a)
)
(C:\Users\User12345\AppData\Local\Programs\MiKTeX\tex/generic/pgf/frontendlayer
/tikz/libraries\tikzlibraryshadows.code.tex
File: tikzlibraryshadows.code.tex 2021/05/15 v3.1.9a (3.1.9a)

(C:\Users\User12345\AppData\Local\Programs\MiKTeX\tex/generic/pgf/frontendlayer
/tikz/libraries\tikzlibraryfadings.code.tex
File: tikzlibraryfadings.code.tex 2021/05/15 v3.1.9a (3.1.9a)

(C:\Users\User12345\AppData\Local\Programs\MiKTeX\tex/generic/pgf/libraries\pgf
libraryfadings.code.tex
File: pgflibraryfadings.code.tex 2021/05/15 v3.1.9a (3.1.9a)
)))
(C:\Users\User12345\AppData\Local\Programs\MiKTeX\tex/generic/pgf/frontendlayer
/tikz/libraries\tikzlibraryshapes.misc.code.tex
File: tikzlibraryshapes.misc.code.tex 2021/05/15 v3.1.9a (3.1.9a)

(C:\Users\User12345\AppData\Local\Programs\MiKTeX\tex/generic/pgf/libraries/sha
pes\pgflibraryshapes.misc.code.tex
File: pgflibraryshapes.misc.code.tex 2021/05/15 v3.1.9a (3.1.9a)
))
(C:\Users\User12345\AppData\Local\Programs\MiKTeX\tex/generic/pgf/frontendlayer
/tikz/libraries\tikzlibrarythrough.code.tex
File: tikzlibrarythrough.code.tex 2021/05/15 v3.1.9a (3.1.9a)
)
(C:\Users\User12345\AppData\Local\Programs\MiKTeX\tex/latex/numprint\numprint.s
ty
Package: numprint 2012/08/20 v1.39 Print numbers (HH)
 (C:\Users\User12345\AppData\Local\Programs\MiKTeX\tex/latex/tools\array.sty
Package: array 2021/04/20 v2.5e Tabular extension package (FMi)
\col@sep=\dimen296
\ar@mcellbox=\box70
\extrarowheight=\dimen297
\NC@list=\toks40
\extratabsurround=\skip56
\backup@length=\skip57
\ar@cellbox=\box71
)
\c@nprt@mantissa@digitsbefore=\count304
\c@nprt@mantissa@digitsafter=\count305
\c@nprt@exponent@digitsbefore=\count306
\c@nprt@exponent@digitsafter=\count307
\nprt@digitwidth=\skip58
\nprt@sepwidth=\skip59
\nprt@decimalwidth=\skip60
\nprt@blockwidth=\skip61
\nprt@digittoks=\toks41
\nprt@pretoks=\toks42
\nprt@posttoks=\toks43
\nprt@thisdigit=\count308
\nprt@curpos=\count309
\nprt@rndpos=\count310
\c@nprt@digitsfirstblock=\count311
\c@nprt@blockcnt=\count312
\c@nprt@cntprint=\count313
No configuration file `numprint.cfg' found.)
(C:\Users\User12345\AppData\Local\Programs\MiKTeX\tex/latex/l3packages/xfp\xfp.
sty
(C:\Users\User12345\AppData\Local\Programs\MiKTeX\tex/latex/l3kernel\expl3.sty
Package: expl3 2021-06-01 L3 programming layer (loader) 

(C:\Users\User12345\AppData\Local\Programs\MiKTeX\tex/latex/l3backend\l3backend
-pdftex.def
File: l3backend-pdftex.def 2021-05-07 L3 backend support: PDF output (pdfTeX)
\l__color_backend_stack_int=\count314
\l__pdf_internal_box=\box72
))
Package: xfp 2021-06-01 L3 Floating point unit
)
(C:\Users\User12345\AppData\Local\Programs\MiKTeX\tex/latex/fp\fp.sty
Package: fp 1995/04/02

`Fixed Point Package', Version 0.8, April 2, 1995 (C) Michael Mehlich
(C:\Users\User12345\AppData\Local\Programs\MiKTeX\tex/latex/fp\defpattern.sty
Package: defpattern 1994/10/12
\actioncount=\count315
)
(C:\Users\User12345\AppData\Local\Programs\MiKTeX\tex/latex/fp\fp-basic.sty
Package: fp-basic 1996/05/13
\FP@xs=\count316
\FP@xia=\count317
\FP@xib=\count318
\FP@xfa=\count319
\FP@xfb=\count320
\FP@rega=\count321
\FP@regb=\count322
\FP@regs=\count323
\FP@times=\count324
)
(C:\Users\User12345\AppData\Local\Programs\MiKTeX\tex/latex/fp\fp-addons.sty
Package: fp-addons 1995/03/15
)
(C:\Users\User12345\AppData\Local\Programs\MiKTeX\tex/latex/fp\fp-snap.sty
Package: fp-snap 1995/04/05
)
(C:\Users\User12345\AppData\Local\Programs\MiKTeX\tex/latex/fp\fp-exp.sty
Package: fp-exp 1995/04/03
)
(C:\Users\User12345\AppData\Local\Programs\MiKTeX\tex/latex/fp\fp-trigo.sty
Package: fp-trigo 1995/04/14
)
(C:\Users\User12345\AppData\Local\Programs\MiKTeX\tex/latex/fp\fp-pas.sty
Package: fp-pas 1994/08/29
)
(C:\Users\User12345\AppData\Local\Programs\MiKTeX\tex/latex/fp\fp-random.sty
Package: fp-random 1995/02/23
\FPseed=\count325
)
(C:\Users\User12345\AppData\Local\Programs\MiKTeX\tex/latex/fp\fp-eqn.sty
Package: fp-eqn 1995/04/03
)
(C:\Users\User12345\AppData\Local\Programs\MiKTeX\tex/latex/fp\fp-upn.sty
Package: fp-upn 1996/10/21
)
(C:\Users\User12345\AppData\Local\Programs\MiKTeX\tex/latex/fp\fp-eval.sty
Package: fp-eval 1995/04/03
))
\tkzRadius=\dimen298
\tkzLength=\dimen299
\tkz@radi=\dimen300
\tkz@ax=\dimen301
\tkz@ay=\dimen302
\tkz@bx=\dimen303
\tkz@by=\dimen304
\tkz@cx=\dimen305
\tkz@cy=\dimen306
\tkz@dx=\dimen307
\tkz@dy=\dimen308
\tkz@tax=\dimen309
\tkz@tay=\dimen310
\tkz@tbx=\dimen311
\tkz@tby=\dimen312
\tkz@tcx=\dimen313
\tkz@tcy=\dimen314
\tkz@tdx=\dimen315
\tkz@tdy=\dimen316
\tkz@cntmk=\count326

Local configuration file tkz-base.cfg found and used

(C:\Users\User12345\AppData\Local\Programs\MiKTeX\tex/latex/tkz-base\tkz-base.c
fg
2020/03/18 3.06c tkz-base.cfg
)
(C:\Users\User12345\AppData\Local\Programs\MiKTeX\tex/latex/tkz-base\tkz-tools-
modules.tex
2020/03/18 3.06c tkz-tools-utilities.tex
)
(C:\Users\User12345\AppData\Local\Programs\MiKTeX\tex/latex/tkz-base\tkz-lib-ma
rks.tex
2020/03/18 3.06c tkz-lib-symbols.tex
)
(C:\Users\User12345\AppData\Local\Programs\MiKTeX\tex/latex/tkz-base\tkz-tools-
base.tex
2020/03/18 3.06c tkz-tools-base.tex
)
(C:\Users\User12345\AppData\Local\Programs\MiKTeX\tex/latex/tkz-base\tkz-tools-
utilities.tex
2020/03/18 3.06c tkz-tools-utilities.tex
)
(C:\Users\User12345\AppData\Local\Programs\MiKTeX\tex/latex/tkz-euclide\tkz-too
ls-math.tex
2020/03/18 3.06c tkz-tools-math.tex
)
(C:\Users\User12345\AppData\Local\Programs\MiKTeX\tex/latex/tkz-base\tkz-tools-
text.tex
2020/03/18 3.06c tkz-tools-text.tex
)
(C:\Users\User12345\AppData\Local\Programs\MiKTeX\tex/latex/tkz-base\tkz-tools-
BB.tex
2020/03/18 3.06c tkz-obj-BB.tex
)
(C:\Users\User12345\AppData\Local\Programs\MiKTeX\tex/latex/tkz-base\tkz-tools-
arith.tex
2020/03/18 3.06c tkz-tools-arith.tex
File: tkz-tool-arith.tex tkz-tool-arith 3.02 c
)
(C:\Users\User12345\AppData\Local\Programs\MiKTeX\tex/latex/tkz-base\tkz-tools-
print.tex
2020/03/18 3.06c tkz-tools-print.tex
)
(C:\Users\User12345\AppData\Local\Programs\MiKTeX\tex/latex/tkz-base\tkz-tools-
misc.tex
2020/03/18 3.06c tkz-tools-misc.tex
)
(C:\Users\User12345\AppData\Local\Programs\MiKTeX\tex/latex/tkz-base\tkz-obj-ax
es.tex
2020/03/18 3.06c tkz-obj-axes.tex
)
(C:\Users\User12345\AppData\Local\Programs\MiKTeX\tex/latex/tkz-base\tkz-obj-gr
ids.tex
2020/03/18 3.06c tkz-obj-grids.tex
)
(C:\Users\User12345\AppData\Local\Programs\MiKTeX\tex/latex/tkz-base\tkz-obj-ma
rks.tex
2020/03/18 3.07c tkz-obj-marks.tex
)
(C:\Users\User12345\AppData\Local\Programs\MiKTeX\tex/latex/tkz-base\tkz-obj-po
ints.tex
2020/03/18 3.06c tkz-obj-points.tex
)
(C:\Users\User12345\AppData\Local\Programs\MiKTeX\tex/latex/tkz-base\tkz-obj-re
p.tex
2020/03/18 3.06c tkz-obj-rep.tex
))
(C:\Users\User12345\AppData\Local\Programs\MiKTeX\tex/latex/tkz-euclide\tkz-too
ls-intersections.tex
2020/03/18 3.06c tkz-tools-intersections.tex
)
(C:\Users\User12345\AppData\Local\Programs\MiKTeX\tex/latex/tkz-euclide\tkz-too
ls-angles.tex
2020/03/18 3.06c tkz-tools-angles.tex
)
(C:\Users\User12345\AppData\Local\Programs\MiKTeX\tex/latex/tkz-euclide\tkz-obj
-eu-angles.tex
2020/03/18 3.06c tkz-tool-eu-angles.tex
\tkz@arcsize=\dimen317
\tkz@fillsize=\dimen318
)
(C:\Users\User12345\AppData\Local\Programs\MiKTeX\tex/latex/tkz-euclide\tkz-obj
-eu-arcs.tex
2020/03/23 3.06c tkz-obj-eu-arcs.tex
)
(C:\Users\User12345\AppData\Local\Programs\MiKTeX\tex/latex/tkz-euclide\tkz-obj
-eu-compass.tex
2020/03/18 3.06c tkz-obj-eu-compass.tex
)
(C:\Users\User12345\AppData\Local\Programs\MiKTeX\tex/latex/tkz-euclide\tkz-obj
-eu-circles.tex
2020/03/18 3.06c tkz-obj-eu-circles.tex
)
(C:\Users\User12345\AppData\Local\Programs\MiKTeX\tex/latex/tkz-euclide\tkz-obj
-eu-draw-circles.tex
2020/03/18 3.06c tkz-obj-eu-draw-circles.tex
)
(C:\Users\User12345\AppData\Local\Programs\MiKTeX\tex/latex/tkz-euclide\tkz-obj
-eu-draw-lines.tex
2020/03/18 3.06c tkz-obj-eu-draw-lines.tex
)
(C:\Users\User12345\AppData\Local\Programs\MiKTeX\tex/latex/tkz-euclide\tkz-obj
-eu-draw-polygons.tex
2020/03/18 3.06c tkz-obj-eu-polygons.tex
)
(C:\Users\User12345\AppData\Local\Programs\MiKTeX\tex/latex/tkz-euclide\tkz-obj
-eu-draw-triangles.tex)
(C:\Users\User12345\AppData\Local\Programs\MiKTeX\tex/latex/tkz-euclide\tkz-obj
-eu-lines.tex
2020/03/18 3.06c tkz-obj-eu-lines.tex
)
(C:\Users\User12345\AppData\Local\Programs\MiKTeX\tex/latex/tkz-euclide\tkz-obj
-eu-points.tex
2020/03/18 3.06c tkz-obj-eu-points.tex
)
(C:\Users\User12345\AppData\Local\Programs\MiKTeX\tex/latex/tkz-euclide\tkz-obj
-eu-points-by.tex
2020/03/18 3.06c tkz-tools-eu-points-by.tex
)
(C:\Users\User12345\AppData\Local\Programs\MiKTeX\tex/latex/tkz-euclide\tkz-obj
-eu-points-rnd.tex
2020/03/18 3.06c tkz-obj-eu-points-rnd.tex
)
(C:\Users\User12345\AppData\Local\Programs\MiKTeX\tex/latex/tkz-euclide\tkz-obj
-eu-points-with.tex
2020/03/18 3.06c tkz-obj-eu-points-with.tex
)
(C:\Users\User12345\AppData\Local\Programs\MiKTeX\tex/latex/tkz-euclide\tkz-obj
-eu-polygons.tex
2020/03/18 3.06c tkz-obj-eu-polygons.tex
)
(C:\Users\User12345\AppData\Local\Programs\MiKTeX\tex/latex/tkz-euclide\tkz-obj
-eu-protractor.tex
2020/03/18 3.06c tkz-obj-eu-protractor.tex
)
(C:\Users\User12345\AppData\Local\Programs\MiKTeX\tex/latex/tkz-euclide\tkz-obj
-eu-sectors.tex
2020/03/18 3.06c tkz-obj-eu-sectors.tex
)
(C:\Users\User12345\AppData\Local\Programs\MiKTeX\tex/latex/tkz-euclide\tkz-obj
-eu-show.tex
2020/03/18 3.06c tkz-obj-eu-show.tex
)
(C:\Users\User12345\AppData\Local\Programs\MiKTeX\tex/latex/tkz-euclide\tkz-obj
-eu-triangles.tex
2020/03/18 3.06c tkz-obj-eu-triangles.tex
))
(C:\Users\User12345\AppData\Local\Programs\MiKTeX\tex/latex/pgfplots\pgfplots.s
ty
(C:\Users\User12345\AppData\Local\Programs\MiKTeX\tex/generic/pgfplots\pgfplots
.revision.tex)
Package: pgfplots 2021/05/15 v1.18.1 Data Visualization (1.18.1)

(C:\Users\User12345\AppData\Local\Programs\MiKTeX\tex/generic/pgfplots\pgfplots
.code.tex
(C:\Users\User12345\AppData\Local\Programs\MiKTeX\tex/generic/pgfplots\pgfplots
core.code.tex
\t@pgfplots@toka=\toks44
\t@pgfplots@tokb=\toks45
\t@pgfplots@tokc=\toks46
\pgfplots@tmpa=\dimen319
\c@pgfplots@coordindex=\count327
\c@pgfplots@scanlineindex=\count328

(C:\Users\User12345\AppData\Local\Programs\MiKTeX\tex/generic/pgfplots/sys\pgfp
lotssysgeneric.code.tex))
(C:\Users\User12345\AppData\Local\Programs\MiKTeX\tex/generic/pgfplots/libs\pgf
plotslibrary.code.tex)
(C:\Users\User12345\AppData\Local\Programs\MiKTeX\tex/generic/pgfplots/oldpgfco
mpatib\pgfplotsoldpgfsupp_loader.code.tex)
(C:\Users\User12345\AppData\Local\Programs\MiKTeX\tex/generic/pgfplots/util\pgf
plotsutil.code.tex
(C:\Users\User12345\AppData\Local\Programs\MiKTeX\tex/generic/pgfplots/liststru
cture\pgfplotsliststructure.code.tex)
(C:\Users\User12345\AppData\Local\Programs\MiKTeX\tex/generic/pgfplots/liststru
cture\pgfplotsliststructureext.code.tex)
(C:\Users\User12345\AppData\Local\Programs\MiKTeX\tex/generic/pgfplots/liststru
cture\pgfplotsarray.code.tex
\c@pgfplotsarray@tmp=\count329
)
(C:\Users\User12345\AppData\Local\Programs\MiKTeX\tex/generic/pgfplots/liststru
cture\pgfplotsmatrix.code.tex)
(C:\Users\User12345\AppData\Local\Programs\MiKTeX\tex/generic/pgfplots/numtable
\pgfplotstableshared.code.tex
\c@pgfplotstable@counta=\count330
\t@pgfplotstable@a=\toks47
)
(C:\Users\User12345\AppData\Local\Programs\MiKTeX\tex/generic/pgfplots/liststru
cture\pgfplotsdeque.code.tex)
(C:\Users\User12345\AppData\Local\Programs\MiKTeX\tex/generic/pgfplots/util\pgf
plotsbinary.code.tex
(C:\Users\User12345\AppData\Local\Programs\MiKTeX\tex/generic/pgfplots/util\pgf
plotsbinary.data.code.tex))
(C:\Users\User12345\AppData\Local\Programs\MiKTeX\tex/generic/pgfplots/util\pgf
plotsutil.verb.code.tex)
(C:\Users\User12345\AppData\Local\Programs\MiKTeX\tex/generic/pgfplots/libs\pgf
librarypgfplots.surfshading.code.tex
\c@pgfplotslibrarysurf@no=\count331

(C:\Users\User12345\AppData\Local\Programs\MiKTeX\tex/generic/pgfplots/sys\pgfl
ibrarypgfplots.surfshading.pgfsys-pdftex.def)))
(C:\Users\User12345\AppData\Local\Programs\MiKTeX\tex/generic/pgfplots/util\pgf
plotscolormap.code.tex
(C:\Users\User12345\AppData\Local\Programs\MiKTeX\tex/generic/pgfplots/util\pgf
plotscolor.code.tex))
(C:\Users\User12345\AppData\Local\Programs\MiKTeX\tex/generic/pgfplots\pgfplots
stackedplots.code.tex)
(C:\Users\User12345\AppData\Local\Programs\MiKTeX\tex/generic/pgfplots\pgfplots
plothandlers.code.tex
(C:\Users\User12345\AppData\Local\Programs\MiKTeX\tex/generic/pgfplots\pgfplots
meshplothandler.code.tex
(C:\Users\User12345\AppData\Local\Programs\MiKTeX\tex/generic/pgfplots\pgfplots
meshplotimage.code.tex)))
(C:\Users\User12345\AppData\Local\Programs\MiKTeX\tex/generic/pgfplots\pgfplots
.scaling.code.tex)
(C:\Users\User12345\AppData\Local\Programs\MiKTeX\tex/generic/pgfplots\pgfplots
coordprocessing.code.tex)
(C:\Users\User12345\AppData\Local\Programs\MiKTeX\tex/generic/pgfplots\pgfplots
.errorbars.code.tex)
(C:\Users\User12345\AppData\Local\Programs\MiKTeX\tex/generic/pgfplots\pgfplots
.markers.code.tex)
(C:\Users\User12345\AppData\Local\Programs\MiKTeX\tex/generic/pgfplots\pgfplots
ticks.code.tex)
(C:\Users\User12345\AppData\Local\Programs\MiKTeX\tex/generic/pgfplots\pgfplots
.paths.code.tex)
(C:\Users\User12345\AppData\Local\Programs\MiKTeX\tex/generic/pgfplots/libs\tik
zlibrarypgfplots.contourlua.code.tex)
\pgfplots@numplots=\count332
\pgfplots@xmin@reg=\dimen320
\pgfplots@xmax@reg=\dimen321
\pgfplots@ymin@reg=\dimen322
\pgfplots@ymax@reg=\dimen323
\pgfplots@zmin@reg=\dimen324
\pgfplots@zmax@reg=\dimen325
))
(C:\Users\User12345\AppData\Local\Programs\MiKTeX\tex/latex/booktabs\booktabs.s
ty
Package: booktabs 2020/01/12 v1.61803398 Publication quality tables
\heavyrulewidth=\dimen326
\lightrulewidth=\dimen327
\cmidrulewidth=\dimen328
\belowrulesep=\dimen329
\belowbottomsep=\dimen330
\aboverulesep=\dimen331
\abovetopsep=\dimen332
\cmidrulesep=\dimen333
\cmidrulekern=\dimen334
\defaultaddspace=\dimen335
\@cmidla=\count333
\@cmidlb=\count334
\@aboverulesep=\dimen336
\@belowrulesep=\dimen337
\@thisruleclass=\count335
\@lastruleclass=\count336
\@thisrulewidth=\dimen338
)
(C:\Users\User12345\AppData\Local\Programs\MiKTeX\tex/latex/multirow\multirow.s
ty
Package: multirow 2021/03/15 v2.8 Span multiple rows of a table
\multirow@colwidth=\skip62
\multirow@cntb=\count337
\multirow@dima=\skip63
\bigstrutjot=\dimen339
)
(C:\Users\User12345\AppData\Local\Programs\MiKTeX\tex/latex/tools\dcolumn.sty
Package: dcolumn 2014/10/28 v1.06 decimal alignment package (DPC)
)
(C:\Users\User12345\AppData\Local\Programs\MiKTeX\tex/latex/tablefootnote\table
footnote.sty
Package: tablefootnote 2014/01/26 v1.1c Table foot notes (HMM)

(C:\Users\User12345\AppData\Local\Programs\MiKTeX\tex/generic/ltxcmds\ltxcmds.s
ty
Package: ltxcmds 2020-05-10 v1.25 LaTeX kernel commands for general use (HO)
)
(C:\Users\User12345\AppData\Local\Programs\MiKTeX\tex/latex/letltxmacro\letltxm
acro.sty
Package: letltxmacro 2019/12/03 v1.6 Let assignment for LaTeX macros (HO)
)
(C:\Users\User12345\AppData\Local\Programs\MiKTeX\tex/latex/xifthen\xifthen.sty
Package: xifthen 2015/11/05 v1.4.0 Extended ifthen features
(C:\Users\User12345\AppData\Local\Programs\MiKTeX\tex/latex/base\ifthen.sty
Package: ifthen 2020/11/24 v1.1c Standard LaTeX ifthen package (DPC)
)
(C:\Users\User12345\AppData\Local\Programs\MiKTeX\tex/latex/ifmtarg\ifmtarg.sty
Package: ifmtarg 2018/04/16 v1.2b check for an empty argument
))
(C:\Users\User12345\AppData\Local\Programs\MiKTeX\tex/latex/etoolbox\etoolbox.s
ty
Package: etoolbox 2020/10/05 v2.5k e-TeX tools for LaTeX (JAW)
\etb@tempcnta=\count338
))
(C:\Users\User12345\AppData\Local\Programs\MiKTeX\tex/latex/tools\longtable.sty
Package: longtable 2021-05-07 v4.16 Multi-page Table package (DPC)
\LTleft=\skip64
\LTright=\skip65
\LTpre=\skip66
\LTpost=\skip67
\LTchunksize=\count339
\LTcapwidth=\dimen340
\LT@head=\box73
\LT@firsthead=\box74
\LT@foot=\box75
\LT@lastfoot=\box76
\LT@gbox=\box77
\LT@cols=\count340
\LT@rows=\count341
\c@LT@tables=\count342
\c@LT@chunks=\count343
\LT@p@ftn=\toks48
)
(C:\Users\User12345\AppData\Local\Programs\MiKTeX\tex/latex/enumitem\enumitem.s
ty
Package: enumitem 2019/06/20 v3.9 Customized lists
\labelindent=\skip68
\enit@outerparindent=\dimen341
\enit@toks=\toks49
\enit@inbox=\box78
\enit@count@id=\count344
\enitdp@description=\count345
)
(C:\Users\User12345\AppData\Local\Programs\MiKTeX\tex/latex/paratype\paratype.s
ty
Package: paratype 2012/01/24 Style file for package paratype.

(C:\Users\User12345\AppData\Local\Programs\MiKTeX\tex/latex/paratype\PTSans.sty
Package: PTSans 2011/02/09 Style file for PTSans.
)
(C:\Users\User12345\AppData\Local\Programs\MiKTeX\tex/latex/paratype\PTSerif.st
y
Package: PTSerif 2011/02/10 Style file for PTSerif.
)
(C:\Users\User12345\AppData\Local\Programs\MiKTeX\tex/latex/paratype\PTMono.sty
Package: PTMono 2012/01/24 Style file for PTMono.
))
(C:\Users\User12345\AppData\Local\Programs\MiKTeX\tex/latex/newpx\newpxmath.sty
Package: newpxmath 2021/06/01 v1.424
`newpxmath' v1.424, 2021/06/01 Math macros based on pxfonts (msharpe)
(C:\Users\User12345\AppData\Local\Programs\MiKTeX\tex/generic/binhex\binhex.tex
)
(C:\Users\User12345\AppData\Local\Programs\MiKTeX\tex/latex/xkeyval\xkeyval.sty
Package: xkeyval 2020/11/20 v2.8 package option processing (HA)

(C:\Users\User12345\AppData\Local\Programs\MiKTeX\tex/generic/xkeyval\xkeyval.t
ex
(C:\Users\User12345\AppData\Local\Programs\MiKTeX\tex/generic/xkeyval\xkvutils.
tex
\XKV@toks=\toks50
\XKV@tempa@toks=\toks51
)
\XKV@depth=\count346
File: xkeyval.tex 2014/12/03 v2.7a key=value parser (HA)
))
(C:\Users\User12345\AppData\Local\Programs\MiKTeX\tex/latex/oberdiek\centernot.
sty
Package: centernot 2016/05/16 v1.4 Centers the not symbol horizontally (HO)
)
\px@tA=\toks52
\px@tB=\toks53
\px@su=\read4
\px@Isdigit=\count347
LaTeX Font Info:    Redeclaring symbol font `operators' on input line 197.
LaTeX Font Info:    Overwriting symbol font `operators' in version `normal'
(Font)                  OT1/cmr/m/n --> OT1/PTSerif-TLF/m/n on input line 197.
LaTeX Font Info:    Overwriting symbol font `operators' in version `bold'
(Font)                  OT1/cmr/bx/n --> OT1/PTSerif-TLF/m/n on input line 197.

LaTeX Font Info:    Overwriting symbol font `operators' in version `bold'
(Font)                  OT1/PTSerif-TLF/m/n --> OT1/PTSerif-TLF/b/n on input li
ne 198.
LaTeX Font Info:    Redeclaring math alphabet \mathsf on input line 201.
LaTeX Font Info:    Overwriting math alphabet `\mathsf' in version `normal'
(Font)                  OT1/cmss/m/n --> OT1/PTSans-TLF/m/n on input line 201.
LaTeX Font Info:    Overwriting math alphabet `\mathsf' in version `bold'
(Font)                  OT1/cmss/bx/n --> OT1/PTSans-TLF/m/n on input line 201.

LaTeX Font Info:    Redeclaring math alphabet \mathit on input line 202.
LaTeX Font Info:    Overwriting math alphabet `\mathit' in version `normal'
(Font)                  OT1/cmr/m/it --> OT1/PTSerif-TLF/m/it on input line 202
.
LaTeX Font Info:    Overwriting math alphabet `\mathit' in version `bold'
(Font)                  OT1/cmr/bx/it --> OT1/PTSerif-TLF/m/it on input line 20
2.
LaTeX Font Info:    Redeclaring math alphabet \mathtt on input line 203.
LaTeX Font Info:    Overwriting math alphabet `\mathtt' in version `normal'
(Font)                  OT1/cmtt/m/n --> OT1/PTMono-TLF/m/n on input line 203.
LaTeX Font Info:    Overwriting math alphabet `\mathtt' in version `bold'
(Font)                  OT1/cmtt/m/n --> OT1/PTMono-TLF/m/n on input line 203.
LaTeX Font Info:    Redeclaring math alphabet \mathbf on input line 205.
LaTeX Font Info:    Overwriting math alphabet `\mathbf' in version `normal'
(Font)                  OT1/cmr/bx/n --> OT1/PTSerif-TLF/b/n on input line 205.

LaTeX Font Info:    Overwriting math alphabet `\mathbf' in version `bold'
(Font)                  OT1/cmr/bx/n --> OT1/PTSerif-TLF/b/n on input line 205.

LaTeX Font Info:    Overwriting math alphabet `\mathit' in version `bold'
(Font)                  OT1/PTSerif-TLF/m/it --> OT1/PTSerif-TLF/b/it on input 
line 206.
LaTeX Font Info:    Overwriting math alphabet `\mathsf' in version `bold'
(Font)                  OT1/PTSans-TLF/m/n --> OT1/PTSans-TLF/b/n on input line
 208.
LaTeX Font Info:    Overwriting math alphabet `\mathtt' in version `bold'
(Font)                  OT1/PTMono-TLF/m/n --> OT1/PTMono-TLF/b/n on input line
 209.
LaTeX Font Info:    Redeclaring symbol font `letters' on input line 220.
LaTeX Font Info:    Overwriting symbol font `letters' in version `normal'
(Font)                  OML/cmm/m/it --> OML/npxmi/m/it on input line 220.
LaTeX Font Info:    Overwriting symbol font `letters' in version `bold'
(Font)                  OML/cmm/b/it --> OML/npxmi/m/it on input line 220.
LaTeX Font Info:    Overwriting symbol font `letters' in version `bold'
(Font)                  OML/npxmi/m/it --> OML/npxmi/b/it on input line 221.
\symlettersA=\mathgroup8
LaTeX Font Info:    Overwriting symbol font `lettersA' in version `bold'
(Font)                  U/npxmia/m/it --> U/npxmia/b/it on input line 239.
LaTeX Font Info:    Redeclaring math alphabet \mathfrak on input line 241.
Now handling font encoding LMS ...
... no UTF-8 mapping file for font encoding LMS
LaTeX Font Info:    Redeclaring symbol font `symbols' on input line 249.
LaTeX Font Info:    Encoding `OMS' has changed to `LMS' for symbol font
(Font)              `symbols' in the math version `normal' on input line 249.
LaTeX Font Info:    Overwriting symbol font `symbols' in version `normal'
(Font)                  OMS/cmsy/m/n --> LMS/npxsy/m/n on input line 249.
LaTeX Font Info:    Encoding `OMS' has changed to `LMS' for symbol font
(Font)              `symbols' in the math version `bold' on input line 249.
LaTeX Font Info:    Overwriting symbol font `symbols' in version `bold'
(Font)                  OMS/cmsy/b/n --> LMS/npxsy/m/n on input line 249.
LaTeX Font Info:    Overwriting symbol font `symbols' in version `bold'
(Font)                  LMS/npxsy/m/n --> LMS/npxsy/b/n on input line 250.
\symAMSm=\mathgroup9
LaTeX Font Info:    Overwriting symbol font `AMSm' in version `bold'
(Font)                  U/npxsym/m/n --> U/npxsym/b/n on input line 270.
\symsymbolsC=\mathgroup10
LaTeX Font Info:    Overwriting symbol font `symbolsC' in version `bold'
(Font)                  U/npxsyc/m/n --> U/npxsyc/b/n on input line 292.
Now handling font encoding LMX ...
... no UTF-8 mapping file for font encoding LMX
LaTeX Font Info:    Redeclaring symbol font `largesymbols' on input line 312.
LaTeX Font Info:    Encoding `OMX' has changed to `LMX' for symbol font
(Font)              `largesymbols' in the math version `normal' on input line 3
12.
LaTeX Font Info:    Overwriting symbol font `largesymbols' in version `normal'
(Font)                  OMX/cmex/m/n --> LMX/npxexx/m/n on input line 312.
LaTeX Font Info:    Encoding `OMX' has changed to `LMX' for symbol font
(Font)              `largesymbols' in the math version `bold' on input line 312
.
LaTeX Font Info:    Overwriting symbol font `largesymbols' in version `bold'
(Font)                  OMX/cmex/m/n --> LMX/npxexx/m/n on input line 312.
LaTeX Font Info:    Overwriting symbol font `largesymbols' in version `bold'
(Font)                  LMX/npxexx/m/n --> LMX/npxexx/b/n on input line 313.
\symlargesymbolsPXA=\mathgroup11
LaTeX Font Info:    Overwriting symbol font `largesymbolsPXA' in version `bold'

(Font)                  U/npxexa/m/n --> U/npxexa/b/n on input line 320.
\px@cntz=\count348
\px@IsAlNum=\count349
\px@sbptoks=\toks54
LaTeX Font Info:    Redeclaring math delimiter \lfloor on input line 475.
LaTeX Font Info:    Redeclaring math delimiter \rfloor on input line 476.
LaTeX Font Info:    Redeclaring math delimiter \lceil on input line 477.
LaTeX Font Info:    Redeclaring math delimiter \rceil on input line 478.
LaTeX Font Info:    Redeclaring math delimiter \lbrace on input line 479.
LaTeX Font Info:    Redeclaring math delimiter \rbrace on input line 480.
LaTeX Font Info:    Redeclaring math delimiter \langle on input line 481.
LaTeX Font Info:    Redeclaring math delimiter \rangle on input line 483.
LaTeX Font Info:    Redeclaring math delimiter \arrowvert on input line 487.
LaTeX Font Info:    Redeclaring math delimiter \vert on input line 488.
LaTeX Font Info:    Redeclaring math symbol \parallel on input line 489.
LaTeX Font Info:    Redeclaring math delimiter \Arrowvert on input line 490.
LaTeX Font Info:    Redeclaring math accent \grave on input line 530.
LaTeX Font Info:    Redeclaring math accent \acute on input line 531.
LaTeX Font Info:    Redeclaring math accent \hat on input line 532.
LaTeX Font Info:    Redeclaring math accent \tilde on input line 533.
LaTeX Font Info:    Redeclaring math accent \bar on input line 534.
LaTeX Font Info:    Redeclaring math accent \breve on input line 535.
LaTeX Font Info:    Redeclaring math accent \mathring on input line 536.
LaTeX Font Info:    Redeclaring math accent \check on input line 537.
LaTeX Font Info:    Redeclaring math accent \dot on input line 541.
LaTeX Font Info:    Redeclaring math accent \ddot on input line 542.
LaTeX Font Info:    Redeclaring math accent \vec on input line 1584.
LaTeX Info: Redefining \Bbbk on input line 2161.
LaTeX Info: Redefining \not on input line 2443.
))
LaTeX Font Info:    Trying to load font information for OT1+PTSerif-TLF on inpu
t line 3.

(C:\Users\User12345\AppData\Local\Programs\MiKTeX\tex/latex/paratype\ot1ptserif
-tlf.fd
File: OT1PTSerif-TLF.fd 2014/02/02 Font definitions for OT1/PTSerif-TLF.
)<<ot1.cmap>> (main.aux
LaTeX Font Info:    Trying to load font information for T2A+PTSerif-TLF on inpu
t line 5.

(C:\Users\User12345\AppData\Local\Programs\MiKTeX\tex/latex/paratype\t2aptserif
-tlf.fd
File: T2APTSerif-TLF.fd 2014/02/02 Font definitions for T2A/PTSerif-TLF.
)<<t2a.cmap>>

LaTeX Warning: Label `fig:boiler' multiply defined.


LaTeX Warning: Label `fig:boiler' multiply defined.


LaTeX Warning: Label `fig:boiler' multiply defined.


LaTeX Warning: Label `fig:boiler' multiply defined.


LaTeX Warning: Label `fig:boiler' multiply defined.


LaTeX Warning: Label `fig:boiler' multiply defined.


LaTeX Warning: Label `fig:boiler' multiply defined.


LaTeX Warning: Label `fig:boiler' multiply defined.


LaTeX Warning: Label `fig:boiler' multiply defined.


LaTeX Warning: Label `fig:boiler' multiply defined.


LaTeX Warning: Label `fig:boiler' multiply defined.


LaTeX Warning: Label `fig:boiler' multiply defined.


LaTeX Warning: Label `fig:boiler' multiply defined.


LaTeX Warning: Label `fig:boiler' multiply defined.


LaTeX Warning: Label `fig:boiler' multiply defined.


LaTeX Warning: Label `fig:boiler' multiply defined.


LaTeX Warning: Label `fig:boiler' multiply defined.

)
\openout1 = `main.aux'.

LaTeX Font Info:    Checking defaults for OML/npxmi/m/it on input line 3.
LaTeX Font Info:    Trying to load font information for OML+npxmi on input line
 3.
 (C:\Users\User12345\AppData\Local\Programs\MiKTeX\tex/latex/newpx\omlnpxmi.fd
File: omlnpxmi.fd 2013/03/21 Fontinst v1.933 font definitions for OML/npxmi.
)
LaTeX Font Info:    ... okay on input line 3.
LaTeX Font Info:    Checking defaults for OMS/cmsy/m/n on input line 3.
LaTeX Font Info:    ... okay on input line 3.
LaTeX Font Info:    Checking defaults for OT1/cmr/m/n on input line 3.
LaTeX Font Info:    ... okay on input line 3.
LaTeX Font Info:    Checking defaults for T1/cmr/m/n on input line 3.
LaTeX Font Info:    ... okay on input line 3.
LaTeX Font Info:    Checking defaults for TS1/cmr/m/n on input line 3.
LaTeX Font Info:    ... okay on input line 3.
LaTeX Font Info:    Checking defaults for OMX/cmex/m/n on input line 3.
LaTeX Font Info:    ... okay on input line 3.
LaTeX Font Info:    Checking defaults for U/npxexa/m/n on input line 3.
LaTeX Font Info:    Trying to load font information for U+npxexa on input line 
3.
 (C:\Users\User12345\AppData\Local\Programs\MiKTeX\tex/latex/newpx\unpxexa.fd
File: unpxexa.fd 2013/03/24 Fontinst v1.933 font definitions for U/npxexa.
)
LaTeX Font Info:    ... okay on input line 3.
LaTeX Font Info:    Checking defaults for T2A/cmr/m/n on input line 3.
LaTeX Font Info:    Trying to load font information for T2A+cmr on input line 3
.
(C:\Users\User12345\AppData\Local\Programs\MiKTeX\tex/latex/cyrillic\t2acmr.fd
File: t2acmr.fd 2001/08/11 v1.0a Computer Modern Cyrillic font definitions
)
LaTeX Font Info:    ... okay on input line 3.
LaTeX Font Info:    Checking defaults for LMS/npxsy/m/n on input line 3.
LaTeX Font Info:    Trying to load font information for LMS+npxsy on input line
 3.
(C:\Users\User12345\AppData\Local\Programs\MiKTeX\tex/latex/newpx\lmsnpxsy.fd
File: lmsnpxsy.fd 2016/07/04 Fontinst v1.933 font definitions for LMS/npxsy.
)
LaTeX Font Info:    ... okay on input line 3.
LaTeX Font Info:    Checking defaults for LMX/npxexx/m/n on input line 3.
LaTeX Font Info:    Trying to load font information for LMX+npxexx on input lin
e 3.

(C:\Users\User12345\AppData\Local\Programs\MiKTeX\tex/latex/newpx\lmxnpxexx.fd
File: lmxnpxexx.fd 2016/07/04 Fontinst v1.933 font definitions for LMX/npxexx.
)
LaTeX Font Info:    ... okay on input line 3.
LaTeX Info: Redefining \th on input line 3.
*geometry* driver: auto-detecting
*geometry* detected driver: pdftex
*geometry* verbose mode - [ preamble ] result:
* driver: pdftex
* paper: <default>
* layout: <same size as paper>
* layoutoffset:(h,v)=(0.0pt,0.0pt)
* modes: 
* h-part:(L,W,R)=(56.9055pt, 483.69687pt, 56.9055pt)
* v-part:(T,H,B)=(56.9055pt, 731.23584pt, 56.9055pt)
* \paperwidth=597.50787pt
* \paperheight=845.04684pt
* \textwidth=483.69687pt
* \textheight=731.23584pt
* \oddsidemargin=-15.36449pt
* \evensidemargin=-15.36449pt
* \topmargin=-52.36449pt
* \headheight=12.0pt
* \headsep=25.0pt
* \topskip=12.0pt
* \footskip=30.0pt
* \marginparwidth=35.0pt
* \marginparsep=10.0pt
* \columnsep=10.0pt
* \skip\footins=14.22636pt
* \hoffset=0.0pt
* \voffset=0.0pt
* \mag=1000
* \@twocolumnfalse
* \@twosidefalse
* \@mparswitchfalse
* \@reversemarginfalse
* (1in=72.27pt=25.4mm, 1cm=28.453pt)


(C:\Users\User12345\AppData\Local\Programs\MiKTeX\tex/context/base/mkii\supp-pd
f.mkii
[Loading MPS to PDF converter (version 2006.09.02).]
\scratchcounter=\count350
\scratchdimen=\dimen342
\scratchbox=\box79
\nofMPsegments=\count351
\nofMParguments=\count352
\everyMPshowfont=\toks55
\MPscratchCnt=\count353
\MPscratchDim=\dimen343
\MPnumerator=\count354
\makeMPintoPDFobject=\count355
\everyMPtoPDFconversion=\toks56
)
(C:\Users\User12345\AppData\Local\Programs\MiKTeX\tex/latex/epstopdf-pkg\epstop
df-base.sty
Package: epstopdf-base 2020-01-24 v2.11 Base part for package epstopdf
Package epstopdf-base Info: Redefining graphics rule for `.eps' on input line 4
85.

(C:\Users\User12345\AppData\Local\Programs\MiKTeX\tex/latex/00miktex\epstopdf-s
ys.cfg
File: epstopdf-sys.cfg 2021/03/18 v2.0 Configuration of epstopdf for MiKTeX
))
Package caption Info: Begin \AtBeginDocument code.
Package caption Info: longtable package is loaded.

(C:\Users\User12345\AppData\Local\Programs\MiKTeX\tex/latex/caption\ltcaption.s
ty
Package: ltcaption 2020/05/30 v1.4b longtable captions (AR)
)
Package caption Info: wrapfig package is loaded.
Package caption Info: End \AtBeginDocument code.

Package pgfplots notification 'compat/show suggested version=true': document ha
s been generated with the most recent feature set (\pgfplotsset{compat=1.18}).


Underfull \hbox (badness 10000) in paragraph at lines 7--8

 []


Underfull \hbox (badness 10000) in paragraph at lines 7--8

 []


Underfull \hbox (badness 10000) in paragraph at lines 7--8
\T2A/PTSerif-TLF/b/n/24.88  - - 01-205[]
 []


Underfull \hbox (badness 10000) in paragraph at lines 7--8

 []

<16a.png, id=30, 519.9425pt x 674.52pt>
File: 16a.png Graphic file (type png)
<use 16a.png>
Package pdftex.def Info: 16a.png  used on input line 25.
(pdftex.def)             Requested size: 120.92421pt x 156.87573pt.
<<oml.cmap>>
LaTeX Font Info:    Trying to load font information for U+rsfs on input line 31
.

(C:\Users\User12345\AppData\Local\Programs\MiKTeX\tex/latex/jknappen\ursfs.fd
File: ursfs.fd 1998/03/24 rsfs font definition file (jk)
)
LaTeX Font Info:    Trying to load font information for U+msa on input line 31.


(C:\Users\User12345\AppData\Local\Programs\MiKTeX\tex/latex/amsfonts\umsa.fd
File: umsa.fd 2013/01/14 v3.01 AMS symbols A
)
LaTeX Font Info:    Trying to load font information for U+msb on input line 31.


(C:\Users\User12345\AppData\Local\Programs\MiKTeX\tex/latex/amsfonts\umsb.fd
File: umsb.fd 2013/01/14 v3.01 AMS symbols B
)
LaTeX Font Info:    Trying to load font information for U+wasy on input line 31
.

(C:\Users\User12345\AppData\Local\Programs\MiKTeX\tex/latex/wasysym\uwasy.fd
File: uwasy.fd 2020/01/19 v2.4 Wasy-2 symbol font definitions
)
LaTeX Font Info:    Trying to load font information for U+npxmia on input line 
31.

(C:\Users\User12345\AppData\Local\Programs\MiKTeX\tex/latex/newpx\unpxmia.fd
File: unpxmia.fd 2013/03/24 Fontinst v1.933 font definitions for U/npxmia.
)
LaTeX Font Info:    Trying to load font information for U+npxsym on input line 
31.

(C:\Users\User12345\AppData\Local\Programs\MiKTeX\tex/latex/newpx\unpxsym.fd
File: unpxsym.fd 2015/03/21 Fontinst v1.933 font definitions for U/npxsym.
)
LaTeX Font Info:    Trying to load font information for U+npxsyc on input line 
31.

(C:\Users\User12345\AppData\Local\Programs\MiKTeX\tex/latex/newpx\unpxsyc.fd
File: unpxsyc.fd 2013/03/24 Fontinst v1.933 font definitions for U/npxsyc.
)
[1

{C:/Users/User12345/AppData/Local/MiKTeX/pdftex/config/pdftex.map} <./16a.png (
PNG copy)>]
<16b.png, id=42, 758.835pt x 651.43375pt>
File: 16b.png Graphic file (type png)
<use 16b.png>
Package pdftex.def Info: 16b.png  used on input line 47.
(pdftex.def)             Requested size: 154.78653pt x 132.87878pt.
<16c.png, id=43, 701.62125pt x 624.3325pt>
File: 16c.png Graphic file (type png)
<use 16c.png>
Package pdftex.def Info: 16c.png  used on input line 60.
(pdftex.def)             Requested size: 145.11053pt x 129.12265pt.


LaTeX Warning: Command \cyre invalid in math mode on input line 64.

Missing character: There is no  in font PTSerif-Regular-tlf-ot1!

Underfull \hbox (badness 3713) in paragraph at lines 64--65
\T2A/PTSerif-TLF/m/n/12 .     
 $\OML/npxmi/m/it/12 u \U/npxmia/m/it/12 = \OT1/PTSerif-TLF/m/n/12 200\OML/npx
mi/m/it/12 :\OT1/PTSerif-TLF/m/n/12 5[]$\T2A/PTSerif-TLF/m/n/12 ,
 []


Underfull \hbox (badness 1389) in paragraph at lines 68--69
\T2A/PTSerif-TLF/m/n/12     
 .
 []


Underfull \hbox (badness 2197) in paragraph at lines 68--69
\T2A/PTSerif-TLF/m/n/12     2-3$\OT1/PTSerif-TLF/m/n/1
2 %$\T2A/PTSerif-TLF/m/n/12 ,      
 []

[2 <./16b.png (PNG copy)> <./16c.png (PNG copy)>]
<17a.png, id=47, 1082.0425pt x 700.6175pt>
File: 17a.png Graphic file (type png)
<use 17a.png>
Package pdftex.def Info: 17a.png  used on input line 76.
(pdftex.def)             Requested size: 217.66211pt x 140.93349pt.
<17b.png, id=48, 1046.91125pt x 674.52pt>
File: 17b.png Graphic file (type png)
<use 17b.png>
Package pdftex.def Info: 17b.png  used on input line 92.
(pdftex.def)             Requested size: 227.3381pt x 146.47018pt.
 [3 <./17a.png (PNG copy)> <./17b.png (PNG copy)>]
LaTeX Font Info:    Trying to load font information for T2A+PTMono-TLF on input
 line 112.

(C:\Users\User12345\AppData\Local\Programs\MiKTeX\tex/latex/paratype\t2aptmono-
tlf.fd
File: T2APTMono-TLF.fd 2014/02/02 Font definitions for T2A/PTMono-TLF.
)
Underfull \hbox (badness 1400) in paragraph at lines 112--113
\T2A/PTSerif-TLF/m/n/12       
  
 []


Underfull \hbox (badness 3354) in paragraph at lines 114--115
[]\T2A/PTSerif-TLF/m/n/12         
 , 
 []


Underfull \hbox (badness 1831) in paragraph at lines 118--119
\T2A/PTSerif-TLF/m/n/12       
   $\OT1/PTSerif-TLF/m/n/12 5%$\T2A/PTSerif-TLF/m/n/12 , 
 []

<18.png, id=53, 1001.7425pt x 714.67pt>
File: 18.png Graphic file (type png)
<use 18.png>
Package pdftex.def Info: 18.png  used on input line 126.
(pdftex.def)             Requested size: 169.29684pt x 120.77255pt.

Underfull \hbox (badness 1436) in paragraph at lines 150--151
[]\T2A/PTSerif-TLF/m/n/12     , 
   
 []

[4 <./18.png (PNG copy)>]
<18a.png, id=59, 1127.21124pt x 737.75626pt>
File: 18a.png Graphic file (type png)
<use 18a.png>
Package pdftex.def Info: 18a.png  used on input line 163.
(pdftex.def)             Requested size: 193.47578pt x 126.62143pt.
<18b.png, id=60, 1097.09875pt x 725.71124pt>
File: 18b.png Graphic file (type png)
<use 18b.png>
Package pdftex.def Info: 18b.png  used on input line 171.
(pdftex.def)             Requested size: 193.47578pt x 127.97583pt.
File: 18.png Graphic file (type png)
<use 18.png>
Package pdftex.def Info: 18.png  used on input line 187.
(pdftex.def)             Requested size: 169.29684pt x 120.77255pt.


LaTeX Warning: `!h' float specifier changed to `!ht'.

[5 <./18a.png (PNG copy)> <./18b.png (PNG copy)>]
<18c.png, id=64, 1387.1825pt x 698.61pt>
File: 18c.png Graphic file (type png)
<use 18c.png>
Package pdftex.def Info: 18c.png  used on input line 224.
(pdftex.def)             Requested size: 435.32422pt x 219.23184pt.

Underfull \hbox (badness 6412) in paragraph at lines 230--231
[]\T2A/PTSerif-TLF/m/n/12   .cir.   
   
 []


Overfull \hbox (44.8812pt too wide) detected at line 233
\OML/npxmi/m/it/12 R[] \U/npxmia/m/it/12 = \OML/npxmi/m/it/12 R[] \LMS/npxsy/m/
n/12  \OML/npxmi/m/it/12 R[] \LMS/npxsy/m/n/12  [] \U/npxmia/m/it/12 = \OT1/P
TSerif-TLF/m/n/12 5\OML/npxmi/m/it/12 :\OT1/PTSerif-TLF/m/n/12 5[]\OML/npxmi/m/
it/12 ;  R[] \U/npxmia/m/it/12 = \OML/npxmi/m/it/12 R[] \LMS/npxsy/m/n/12  \OM
L/npxmi/m/it/12 R[] \LMS/npxsy/m/n/12  [] \U/npxmia/m/it/12 = [][]\OML/npxmi/m
/it/12 ;  R[] \U/npxmia/m/it/12 = \OML/npxmi/m/it/12 R[] \LMS/npxsy/m/n/12  \O
ML/npxmi/m/it/12 R[] \LMS/npxsy/m/n/12  [] \U/npxmia/m/it/12 = \OT1/PTSerif-TL
F/m/n/12 11[]\OML/npxmi/m/it/12 :
 []


Underfull \hbox (badness 1286) in paragraph at lines 235--236
[]\T2A/PTSerif-TLF/m/n/12   icro-    
   
 []

[6 <./18c.png (PNG copy)>]
<19.png, id=68, 978.65625pt x 337.26pt>
File: 19.png Graphic file (type png)
<use 19.png>
Package pdftex.def Info: 19.png  used on input line 249.
(pdftex.def)             Requested size: 290.22107pt x 100.01573pt.
 [7 <./19.png (PNG copy)>]
<19a.png, id=73, 1035.87pt x 326.21875pt>
File: 19a.png Graphic file (type png)
<use 19a.png>
Package pdftex.def Info: 19a.png  used on input line 293.
(pdftex.def)             Requested size: 338.58632pt x 106.6271pt.

Underfull \hbox (badness 3826) in paragraph at lines 297--298
\T2A/PTSerif-TLF/m/n/12        
, , 
 []

<19b.png, id=74, 1056.94875pt x 327.2225pt>
File: 19b.png Graphic file (type png)
<use 19b.png>
Package pdftex.def Info: 19b.png  used on input line 303.
(pdftex.def)             Requested size: 338.58632pt x 104.82318pt.
<19c.png, id=75, 1060.96375pt x 336.25626pt>
File: 19c.png Graphic file (type png)
<use 19c.png>
Package pdftex.def Info: 19c.png  used on input line 311.
(pdftex.def)             Requested size: 338.58632pt x 107.31174pt.
<19d.png, id=76, 1052.93375pt x 375.4025pt>
File: 19d.png Graphic file (type png)
<use 19d.png>
Package pdftex.def Info: 19d.png  used on input line 317.
(pdftex.def)             Requested size: 338.58632pt x 120.71552pt.
[8 <./19a.png (PNG copy)> <./19b.png (PNG copy)> <./19c.png (PNG copy)> <./19d.
png (PNG copy)>]
<19e.png, id=80, 878.28125pt x 639.38875pt>
File: 19e.png Graphic file (type png)
<use 19e.png>
Package pdftex.def Info: 19e.png  used on input line 337.
(pdftex.def)             Requested size: 338.58632pt x 246.49226pt.
<19g.png, id=81, 879.285pt x 637.38126pt>
File: 19g.png Graphic file (type png)
<use 19g.png>
Package pdftex.def Info: 19g.png  used on input line 343.
(pdftex.def)             Requested size: 338.58632pt x 245.43631pt.
<19h.png, id=82, 918.43124pt x 638.385pt>
File: 19h.png Graphic file (type png)
<use 19h.png>
Package pdftex.def Info: 19h.png  used on input line 349.
(pdftex.def)             Requested size: 338.58632pt x 235.34154pt.


LaTeX Warning: `!h' float specifier changed to `!ht'.

[9 <./19e.png (PNG copy)> <./19g.png (PNG copy)>]
Underfull \hbox (badness 1092) in paragraph at lines 357--358
\T2A/PTSerif-TLF/m/n/12        
.   
 []

[10 <./19h.png (PNG copy)>] (main.aux)

LaTeX Warning: There were multiply-defined labels.

 ) 
Here is how much of TeX's memory you used:
 35825 strings out of 478864
 843182 string characters out of 2846764
 1276320 words of memory out of 3000000
 52869 multiletter control sequences out of 15000+600000
 467967 words of font info for 96 fonts, out of 8000000 for 9000
 1141 hyphenation exceptions out of 8191
 100i,9n,125p,761b,609s stack positions out of 5000i,500n,10000p,200000b,80000s
{C:/Users/User12345/AppData/Local/Programs/MiKTeX/fonts/enc/dvips/paratype/pt
mono_t2a.enc}{C:/Users/User12345/AppData/Local/Programs/MiKTeX/fonts/enc/dvips/
paratype/ptserif_ot1.enc}{C:/Users/User12345/AppData/Local/Programs/MiKTeX/font
s/enc/dvips/paratype/ptserif_t2a.enc}<C:/Users/User12345/AppData/Local/Programs
/MiKTeX/fonts/type1/public/newpx/NewPXMI.pfb><C:/Users/User12345/AppData/Local/
Programs/MiKTeX/fonts/type1/public/newpx/NewPXMI_gnu.pfb><C:/Users/User12345/Ap
pData/Local/Programs/MiKTeX/fonts/type1/paratype/ptserif/PTF55F.pfb><C:/Users/U
ser12345/AppData/Local/Programs/MiKTeX/fonts/type1/paratype/ptserif/PTF75F.pfb>
<C:/Users/User12345/AppData/Local/Programs/MiKTeX/fonts/type1/paratype/ptmono/P
TM55F.pfb><C:/Users/User12345/AppData/Local/Programs/MiKTeX/fonts/type1/public/
newpx/pxmiaX.pfb><C:/Users/User12345/AppData/Local/Programs/MiKTeX/fonts/type1/
public/newpx/pxsys.pfb><C:/Users/User12345/AppData/Local/Programs/MiKTeX/fonts/
type1/public/newtx/txexs.pfb>
Output written on main.pdf (10 pages, 855283 bytes).
PDF statistics:
 127 PDF objects out of 1000 (max. 8388607)
 0 named destinations out of 1000 (max. 500000)
 206 words of extra memory for PDF output out of 10000 (max. 10000000)

